Watching for file changes with StatReloader
Waiting for apps ready_event.
Apps ready_event triggered. Sending autoreload_started signal.
Watching dir C:\Users\PRAVEEN_STREAMS\Desktop\jwelbix\venv\lib\site-packages\rest_framework\templates with glob **/*.
Watching dir C:\Users\PRAVEEN_STREAMS\Desktop\jwelbix\locale with glob **/*.mo.
Watching dir C:\Users\PRAVEEN_STREAMS\Desktop\jwelbix\apps\user_app\locale with glob **/*.mo.
Watching dir C:\Users\PRAVEEN_STREAMS\Desktop\jwelbix\venv\lib\site-packages\rest_framework\locale with glob **/*.mo.
Watching dir C:\Users\PRAVEEN_STREAMS\Desktop\jwelbix\venv\lib\site-packages\rest_framework\authtoken\locale with glob **/*.mo.
(0.000) 
            SELECT name, type FROM sqlite_master
            WHERE type in ('table', 'view') AND NOT name='sqlite_sequence'
            ORDER BY name; args=None
(0.016) SELECT "django_migrations"."id", "django_migrations"."app", "django_migrations"."name", "django_migrations"."applied" FROM "django_migrations"; args=()
File C:\Users\PRAVEEN_STREAMS\Desktop\jwelbix\venv\Lib\site-packages\django\utils\__init__.py first seen with mtime 1654588099.6349404
File C:\Users\PRAVEEN_STREAMS\AppData\Local\Programs\Python\Python36\Lib\wsgiref\util.py first seen with mtime 1530047490.0
File C:\Users\PRAVEEN_STREAMS\Desktop\jwelbix\venv\Lib\site-packages\django\contrib\admin\widgets.py first seen with mtime 1654588095.8690767
File C:\Users\PRAVEEN_STREAMS\Desktop\jwelbix\venv\Lib\site-packages\django\utils\ipv6.py first seen with mtime 1654588099.6509652
File C:\Users\PRAVEEN_STREAMS\Desktop\jwelbix\venv\Lib\site-packages\django\dispatch\__init__.py first seen with mtime 1654588099.5095327
File C:\Users\PRAVEEN_STREAMS\Desktop\jwelbix\venv\Lib\site-packages\django\utils\translation\reloader.py first seen with mtime 1654588099.6665962
File C:\Users\PRAVEEN_STREAMS\Desktop\jwelbix\venv\Lib\site-packages\rest_framework\apps.py first seen with mtime 1654595200.4187262
File C:\Users\PRAVEEN_STREAMS\Desktop\jwelbix\venv\Lib\site-packages\django\templatetags\static.py first seen with mtime 1654588099.619322
File C:\Users\PRAVEEN_STREAMS\Desktop\jwelbix\venv\Lib\site-packages\django\utils\datetime_safe.py first seen with mtime 1654588099.6349404
File C:\Users\PRAVEEN_STREAMS\Desktop\jwelbix\venv\Lib\site-packages\django\core\wsgi.py first seen with mtime 1654588099.3055844
File C:\Users\PRAVEEN_STREAMS\AppData\Local\Programs\Python\Python36\Lib\tokenize.py first seen with mtime 1530047490.0
File C:\Users\PRAVEEN_STREAMS\Desktop\jwelbix\venv\Lib\site-packages\django\contrib\auth\forms.py first seen with mtime 1654588096.848363
File C:\Users\PRAVEEN_STREAMS\AppData\Local\Programs\Python\Python36\Lib\unittest\loader.py first seen with mtime 1530047490.0
File C:\Users\PRAVEEN_STREAMS\Desktop\jwelbix\venv\Lib\site-packages\django\core\checks\__init__.py first seen with mtime 1654588099.3055844
File C:\Users\PRAVEEN_STREAMS\Desktop\jwelbix\venv\Lib\site-packages\django\contrib\staticfiles\finders.py first seen with mtime 1654588099.289966
File C:\Users\PRAVEEN_STREAMS\Desktop\jwelbix\venv\Lib\site-packages\django\forms\models.py first seen with mtime 1654588099.5095327
File C:\Users\PRAVEEN_STREAMS\Desktop\jwelbix\venv\Lib\site-packages\django\templatetags\cache.py first seen with mtime 1654588099.603686
File C:\Users\PRAVEEN_STREAMS\AppData\Local\Programs\Python\Python36\Lib\concurrent\__init__.py first seen with mtime 1530047490.0
File C:\Users\PRAVEEN_STREAMS\Desktop\jwelbix\venv\Lib\site-packages\sqlparse\formatter.py first seen with mtime 1654588093.9611292
File C:\Users\PRAVEEN_STREAMS\Desktop\jwelbix\venv\Lib\site-packages\django\http\response.py first seen with mtime 1654588099.572444
File C:\Users\PRAVEEN_STREAMS\Desktop\jwelbix\venv\Lib\site-packages\django\contrib\admin\sites.py first seen with mtime 1654588095.8690767
File C:\Users\PRAVEEN_STREAMS\Desktop\jwelbix\venv\Lib\site-packages\django\http\multipartparser.py first seen with mtime 1654588099.572444
File C:\Users\PRAVEEN_STREAMS\Desktop\jwelbix\venv\Lib\site-packages\rest_framework\utils\json.py first seen with mtime 1654595200.782821
File C:\Users\PRAVEEN_STREAMS\Desktop\jwelbix\venv\Lib\site-packages\django\contrib\auth\checks.py first seen with mtime 1654588096.8427994
File C:\Users\PRAVEEN_STREAMS\Desktop\jwelbix\venv\Lib\site-packages\django\contrib\sites\shortcuts.py first seen with mtime 1654588099.0547447
File C:\Users\PRAVEEN_STREAMS\Desktop\jwelbix\venv\Lib\site-packages\django\contrib\auth\admin.py first seen with mtime 1654588096.8427994
File C:\Users\PRAVEEN_STREAMS\Desktop\jwelbix\venv\Lib\site-packages\django\core\paginator.py first seen with mtime 1654588099.3055844
File C:\Users\PRAVEEN_STREAMS\Desktop\jwelbix\venv\Lib\site-packages\rest_framework\utils\html.py first seen with mtime 1654595200.7808206
File C:\Users\PRAVEEN_STREAMS\AppData\Local\Programs\Python\Python36\DLLs\_lzma.pyd first seen with mtime 1530050914.0
File C:\Users\PRAVEEN_STREAMS\Desktop\jwelbix\venv\Lib\site-packages\django\db\models\fields\proxy.py first seen with mtime 1654588099.4939015
File C:\Users\PRAVEEN_STREAMS\Desktop\jwelbix\venv\Lib\site-packages\rest_framework\authentication.py first seen with mtime 1654595200.421726
File C:\Users\PRAVEEN_STREAMS\Desktop\jwelbix\venv\Lib\site-packages\django\db\backends\base\validation.py first seen with mtime 1654588099.3997276
File C:\Users\PRAVEEN_STREAMS\Desktop\jwelbix\venv\Lib\site-packages\django\views\generic\detail.py first seen with mtime 1654588099.6822236
File C:\Users\PRAVEEN_STREAMS\AppData\Local\Programs\Python\Python36\Lib\dis.py first seen with mtime 1530047490.0
File C:\Users\PRAVEEN_STREAMS\Desktop\jwelbix\apps\user_app\apps.py first seen with mtime 1654598122.0568373
File C:\Users\PRAVEEN_STREAMS\Desktop\jwelbix\venv\Lib\site-packages\django\utils\duration.py first seen with mtime 1654588099.6479568
File C:\Users\PRAVEEN_STREAMS\AppData\Local\Programs\Python\Python36\Lib\queue.py first seen with mtime 1530047490.0
File C:\Users\PRAVEEN_STREAMS\Desktop\jwelbix\venv\Lib\site-packages\django\core\files\storage.py first seen with mtime 1654588099.3212063
File C:\Users\PRAVEEN_STREAMS\AppData\Local\Programs\Python\Python36\Lib\email\iterators.py first seen with mtime 1530047490.0
File C:\Users\PRAVEEN_STREAMS\Desktop\jwelbix\venv\Lib\site-packages\django\contrib\contenttypes\management\__init__.py first seen with mtime 1654588097.3504498
File C:\Users\PRAVEEN_STREAMS\Desktop\jwelbix\venv\Lib\site-packages\django\db\models\functions\comparison.py first seen with mtime 1654588099.4939015
File C:\Users\PRAVEEN_STREAMS\Desktop\jwelbix\venv\Lib\site-packages\django\db\backends\sqlite3\operations.py first seen with mtime 1654588099.4466136
File C:\Users\PRAVEEN_STREAMS\Desktop\jwelbix\venv\Lib\site-packages\django\template\loaders\__init__.py first seen with mtime 1654588099.603686
File C:\Users\PRAVEEN_STREAMS\AppData\Local\Programs\Python\Python36\DLLs\_bz2.pyd first seen with mtime 1530050888.0
File C:\Users\PRAVEEN_STREAMS\Desktop\jwelbix\venv\Lib\site-packages\django\contrib\staticfiles\checks.py first seen with mtime 1654588099.289966
File C:\Users\PRAVEEN_STREAMS\AppData\Local\Programs\Python\Python36\Lib\contextlib.py first seen with mtime 1530047490.0
File C:\Users\PRAVEEN_STREAMS\Desktop\jwelbix\venv\Lib\site-packages\django\core\cache\backends\base.py first seen with mtime 1654588099.3055844
File C:\Users\PRAVEEN_STREAMS\Desktop\jwelbix\venv\Lib\site-packages\django\core\serializers\base.py first seen with mtime 1654588099.3841026
File C:\Users\PRAVEEN_STREAMS\Desktop\jwelbix\venv\Lib\site-packages\django\core\files\uploadedfile.py first seen with mtime 1654588099.3368292
File C:\Users\PRAVEEN_STREAMS\AppData\Local\Programs\Python\Python36\Lib\asyncio\locks.py first seen with mtime 1530047490.0
File C:\Users\PRAVEEN_STREAMS\AppData\Local\Programs\Python\Python36\Lib\asyncio\base_events.py first seen with mtime 1530047490.0
File C:\Users\PRAVEEN_STREAMS\AppData\Local\Programs\Python\Python36\Lib\html\entities.py first seen with mtime 1530047490.0
File C:\Users\PRAVEEN_STREAMS\AppData\Local\Programs\Python\Python36\Lib\operator.py first seen with mtime 1530047490.0
File C:\Users\PRAVEEN_STREAMS\AppData\Local\Programs\Python\Python36\Lib\urllib\error.py first seen with mtime 1530047490.0
File C:\Users\PRAVEEN_STREAMS\AppData\Local\Programs\Python\Python36\Lib\codecs.py first seen with mtime 1530047490.0
File C:\Users\PRAVEEN_STREAMS\AppData\Local\Programs\Python\Python36\Lib\opcode.py first seen with mtime 1530047490.0
File C:\Users\PRAVEEN_STREAMS\Desktop\jwelbix\venv\Lib\site-packages\django\contrib\auth\backends.py first seen with mtime 1654588096.8427994
File C:\Users\PRAVEEN_STREAMS\Desktop\jwelbix\venv\Lib\site-packages\django\forms\formsets.py first seen with mtime 1654588099.5095327
File C:\Users\PRAVEEN_STREAMS\Desktop\jwelbix\venv\Lib\site-packages\django\core\handlers\base.py first seen with mtime 1654588099.3368292
File C:\Users\PRAVEEN_STREAMS\Desktop\jwelbix\venv\Lib\site-packages\django\utils\_os.py first seen with mtime 1654588099.6349404
File C:\Users\PRAVEEN_STREAMS\AppData\Local\Programs\Python\Python36\Lib\_compat_pickle.py first seen with mtime 1530047490.0
File C:\Users\PRAVEEN_STREAMS\Desktop\jwelbix\venv\Lib\site-packages\django\db\models\indexes.py first seen with mtime 1654588099.47828
File C:\Users\PRAVEEN_STREAMS\Desktop\jwelbix\venv\Lib\site-packages\django\views\decorators\csrf.py first seen with mtime 1654588099.6822236
File C:\Users\PRAVEEN_STREAMS\AppData\Local\Programs\Python\Python36\Lib\struct.py first seen with mtime 1530047490.0
File C:\Users\PRAVEEN_STREAMS\Desktop\jwelbix\venv\Lib\site-packages\django\core\management\sql.py first seen with mtime 1654588099.3528445
File C:\Users\PRAVEEN_STREAMS\Desktop\jwelbix\venv\Lib\site-packages\django\test\__init__.py first seen with mtime 1654588099.619322
File C:\Users\PRAVEEN_STREAMS\Desktop\jwelbix\venv\Lib\site-packages\django\conf\__init__.py first seen with mtime 1654588095.20991
File C:\Users\PRAVEEN_STREAMS\AppData\Local\Programs\Python\Python36\Lib\xml\__init__.py first seen with mtime 1530047490.0
File C:\Users\PRAVEEN_STREAMS\Desktop\jwelbix\venv\Lib\site-packages\django\contrib\auth\apps.py first seen with mtime 1654588096.8427994
File C:\Users\PRAVEEN_STREAMS\Desktop\jwelbix\venv\Lib\site-packages\rest_framework\serializers.py first seen with mtime 1654595200.4647353
File C:\Users\PRAVEEN_STREAMS\Desktop\jwelbix\venv\Lib\site-packages\rest_framework\compat.py first seen with mtime 1654595200.427727
File C:\Users\PRAVEEN_STREAMS\AppData\Local\Programs\Python\Python36\Lib\email\generator.py first seen with mtime 1530047490.0
File C:\Users\PRAVEEN_STREAMS\AppData\Local\Programs\Python\Python36\Lib\unittest\result.py first seen with mtime 1530047490.0
File C:\Users\PRAVEEN_STREAMS\AppData\Local\Programs\Python\Python36\Lib\logging\__init__.py first seen with mtime 1530047490.0
File C:\Users\PRAVEEN_STREAMS\Desktop\jwelbix\venv\Lib\site-packages\django\core\serializers\__init__.py first seen with mtime 1654588099.3841026
File C:\Users\PRAVEEN_STREAMS\AppData\Local\Programs\Python\Python36\Lib\weakref.py first seen with mtime 1530047490.0
File C:\Users\PRAVEEN_STREAMS\Desktop\jwelbix\venv\Lib\site-packages\django\db\__init__.py first seen with mtime 1654588099.3841026
File C:\Users\PRAVEEN_STREAMS\Desktop\jwelbix\venv\Lib\site-packages\django\core\checks\model_checks.py first seen with mtime 1654588099.3212063
File C:\Users\PRAVEEN_STREAMS\Desktop\jwelbix\venv\Lib\site-packages\rest_framework\utils\mediatypes.py first seen with mtime 1654595200.7838306
File C:\Users\PRAVEEN_STREAMS\AppData\Local\Programs\Python\Python36\Lib\email\quoprimime.py first seen with mtime 1530047490.0
File C:\Users\PRAVEEN_STREAMS\Desktop\jwelbix\venv\Lib\site-packages\django\forms\__init__.py first seen with mtime 1654588099.5095327
File C:\Users\PRAVEEN_STREAMS\AppData\Local\Programs\Python\Python36\Lib\threading.py first seen with mtime 1530047490.0
File C:\Users\PRAVEEN_STREAMS\Desktop\jwelbix\venv\Lib\site-packages\django\contrib\auth\models.py first seen with mtime 1654588096.848363
File C:\Users\PRAVEEN_STREAMS\AppData\Local\Programs\Python\Python36\Lib\http\__init__.py first seen with mtime 1530047490.0
File C:\Users\PRAVEEN_STREAMS\AppData\Local\Programs\Python\Python36\Lib\sysconfig.py first seen with mtime 1530047490.0
File C:\Users\PRAVEEN_STREAMS\Desktop\jwelbix\venv\Lib\site-packages\django\contrib\staticfiles\management\commands\__init__.py first seen with mtime 1654588099.289966
File C:\Users\PRAVEEN_STREAMS\AppData\Local\Programs\Python\Python36\Lib\json\encoder.py first seen with mtime 1530047490.0
File C:\Users\PRAVEEN_STREAMS\Desktop\jwelbix\venv\Lib\site-packages\django\views\decorators\common.py first seen with mtime 1654588099.6822236
File C:\Users\PRAVEEN_STREAMS\Desktop\jwelbix\venv\Lib\site-packages\rest_framework\schemas\__init__.py first seen with mtime 1654595200.6201186
File C:\Users\PRAVEEN_STREAMS\Desktop\jwelbix\venv\Lib\site-packages\django\core\handlers\asgi.py first seen with mtime 1654588099.3368292
File C:\Users\PRAVEEN_STREAMS\Desktop\jwelbix\venv\Lib\site-packages\django\db\backends\base\client.py first seen with mtime 1654588099.3997276
File C:\Users\PRAVEEN_STREAMS\Desktop\jwelbix\venv\Lib\site-packages\django\core\checks\async_checks.py first seen with mtime 1654588099.3055844
File C:\Users\PRAVEEN_STREAMS\Desktop\jwelbix\venv\Lib\site-packages\rest_framework\exceptions.py first seen with mtime 1654595200.432729
File C:\Users\PRAVEEN_STREAMS\AppData\Local\Programs\Python\Python36\Lib\asyncio\coroutines.py first seen with mtime 1530047490.0
File C:\Users\PRAVEEN_STREAMS\Desktop\jwelbix\venv\Lib\site-packages\django\contrib\sessions\__init__.py first seen with mtime 1654588098.7461097
File C:\Users\PRAVEEN_STREAMS\AppData\Local\Programs\Python\Python36\Lib\email\mime\nonmultipart.py first seen with mtime 1530047490.0
File C:\Users\PRAVEEN_STREAMS\AppData\Local\Programs\Python\Python36\Lib\asyncio\__init__.py first seen with mtime 1530047490.0
File C:\Users\PRAVEEN_STREAMS\Desktop\jwelbix\venv\Lib\site-packages\django\contrib\auth\hashers.py first seen with mtime 1654588096.848363
File C:\Users\PRAVEEN_STREAMS\Desktop\jwelbix\venv\Lib\site-packages\django\utils\module_loading.py first seen with mtime 1654588099.6509652
File C:\Users\PRAVEEN_STREAMS\Desktop\jwelbix\apps\user_app\serializers.py first seen with mtime 1655055137.7472987
File C:\Users\PRAVEEN_STREAMS\Desktop\jwelbix\venv\Lib\site-packages\django\db\backends\__init__.py first seen with mtime 1654588099.3841026
File C:\Users\PRAVEEN_STREAMS\Desktop\jwelbix\venv\Lib\site-packages\django\dispatch\dispatcher.py first seen with mtime 1654588099.5095327
File C:\Users\PRAVEEN_STREAMS\Desktop\jwelbix\venv\Lib\site-packages\django\template\loader_tags.py first seen with mtime 1654588099.5880692
File C:\Users\PRAVEEN_STREAMS\AppData\Local\Programs\Python\Python36\Lib\gzip.py first seen with mtime 1530047490.0
File C:\Users\PRAVEEN_STREAMS\AppData\Local\Programs\Python\Python36\Lib\textwrap.py first seen with mtime 1530047490.0
File C:\Users\PRAVEEN_STREAMS\Desktop\jwelbix\venv\Lib\site-packages\django\core\management\color.py first seen with mtime 1654588099.3528445
File C:\Users\PRAVEEN_STREAMS\Desktop\jwelbix\venv\Lib\site-packages\django\template\backends\__init__.py first seen with mtime 1654588099.603686
File C:\Users\PRAVEEN_STREAMS\Desktop\jwelbix\venv\Lib\site-packages\django\core\checks\security\base.py first seen with mtime 1654588099.3212063
File C:\Users\PRAVEEN_STREAMS\Desktop\jwelbix\venv\Lib\site-packages\django\utils\html.py first seen with mtime 1654588099.6509652
File C:\Users\PRAVEEN_STREAMS\Desktop\jwelbix\venv\Lib\site-packages\asgiref\__init__.py first seen with mtime 1654588095.0059495
File C:\Users\PRAVEEN_STREAMS\AppData\Local\Programs\Python\Python36\DLLs\_multiprocessing.pyd first seen with mtime 1530050874.0
File C:\Users\PRAVEEN_STREAMS\Desktop\jwelbix\venv\Lib\site-packages\django\contrib\auth\__init__.py first seen with mtime 1654588096.8322935
File C:\Users\PRAVEEN_STREAMS\Desktop\jwelbix\venv\Lib\site-packages\django\core\handlers\exception.py first seen with mtime 1654588099.3368292
File C:\Users\PRAVEEN_STREAMS\Desktop\jwelbix\venv\Lib\site-packages\django\core\signals.py first seen with mtime 1654588099.3055844
File C:\Users\PRAVEEN_STREAMS\AppData\Local\Programs\Python\Python36\Lib\collections\abc.py first seen with mtime 1530047490.0
File C:\Users\PRAVEEN_STREAMS\Desktop\jwelbix\venv\Lib\site-packages\django\core\checks\translation.py first seen with mtime 1654588099.3212063
File C:\Users\PRAVEEN_STREAMS\AppData\Local\Programs\Python\Python36\Lib\locale.py first seen with mtime 1530047490.0
File C:\Users\PRAVEEN_STREAMS\AppData\Local\Programs\Python\Python36\Lib\cgi.py first seen with mtime 1530047490.0
File C:\Users\PRAVEEN_STREAMS\Desktop\jwelbix\venv\Lib\site-packages\django\contrib\messages\storage\__init__.py first seen with mtime 1654588098.285818
File C:\Users\PRAVEEN_STREAMS\Desktop\jwelbix\venv\Lib\site-packages\django\contrib\auth\signals.py first seen with mtime 1654588096.848363
File C:\Users\PRAVEEN_STREAMS\Desktop\jwelbix\venv\Lib\site-packages\django\views\decorators\__init__.py first seen with mtime 1654588099.6665962
File C:\Users\PRAVEEN_STREAMS\Desktop\jwelbix\venv\Lib\site-packages\rest_framework\permissions.py first seen with mtime 1654595200.4507332
File C:\Users\PRAVEEN_STREAMS\AppData\Local\Programs\Python\Python36\DLLs\_sqlite3.pyd first seen with mtime 1530050908.0
File C:\Users\PRAVEEN_STREAMS\AppData\Local\Programs\Python\Python36\Lib\statistics.py first seen with mtime 1530047490.0
File C:\Users\PRAVEEN_STREAMS\AppData\Local\Programs\Python\Python36\Lib\_markupbase.py first seen with mtime 1530047490.0
File C:\Users\PRAVEEN_STREAMS\Desktop\jwelbix\venv\Lib\site-packages\django\utils\text.py first seen with mtime 1654588099.6509652
File C:\Users\PRAVEEN_STREAMS\Desktop\jwelbix\venv\Lib\site-packages\rest_framework\reverse.py first seen with mtime 1654595200.461734
File C:\Users\PRAVEEN_STREAMS\Desktop\jwelbix\venv\Lib\site-packages\django\contrib\staticfiles\management\__init__.py first seen with mtime 1654588099.289966
File C:\Users\PRAVEEN_STREAMS\AppData\Local\Programs\Python\Python36\Lib\encodings\aliases.py first seen with mtime 1530047490.0
File C:\Users\PRAVEEN_STREAMS\Desktop\jwelbix\venv\Lib\site-packages\django\contrib\admin\helpers.py first seen with mtime 1654588095.8534405
File C:\Users\PRAVEEN_STREAMS\AppData\Local\Programs\Python\Python36\Lib\asyncio\windows_utils.py first seen with mtime 1530047490.0
File C:\Users\PRAVEEN_STREAMS\AppData\Local\Programs\Python\Python36\Lib\glob.py first seen with mtime 1530047490.0
File C:\Users\PRAVEEN_STREAMS\AppData\Local\Programs\Python\Python36\Lib\sre_parse.py first seen with mtime 1530047490.0
File C:\Users\PRAVEEN_STREAMS\Desktop\jwelbix\venv\Lib\site-packages\django\conf\locale\__init__.py first seen with mtime 1654588095.20991
File C:\Users\PRAVEEN_STREAMS\AppData\Local\Programs\Python\Python36\Lib\asyncio\events.py first seen with mtime 1530047490.0
File C:\Users\PRAVEEN_STREAMS\Desktop\jwelbix\venv\Lib\site-packages\django\db\backends\sqlite3\creation.py first seen with mtime 1654588099.430988
File C:\Users\PRAVEEN_STREAMS\Desktop\jwelbix\venv\Lib\site-packages\django\utils\version.py first seen with mtime 1654588099.6665962
File C:\Users\PRAVEEN_STREAMS\Desktop\jwelbix\venv\Lib\site-packages\django\contrib\admin\filters.py first seen with mtime 1654588095.8534405
File C:\Users\PRAVEEN_STREAMS\Desktop\jwelbix\venv\Lib\site-packages\django\core\files\temp.py first seen with mtime 1654588099.3212063
File C:\Users\PRAVEEN_STREAMS\Desktop\jwelbix\venv\Lib\site-packages\django\db\models\sql\constants.py first seen with mtime 1654588099.4939015
File C:\Users\PRAVEEN_STREAMS\AppData\Local\Programs\Python\Python36\Lib\platform.py first seen with mtime 1530047490.0
File C:\Users\PRAVEEN_STREAMS\Desktop\jwelbix\venv\Lib\site-packages\django\core\checks\messages.py first seen with mtime 1654588099.3212063
File C:\Users\PRAVEEN_STREAMS\Desktop\jwelbix\venv\Lib\site-packages\django\utils\dateparse.py first seen with mtime 1654588099.6349404
File C:\Users\PRAVEEN_STREAMS\Desktop\jwelbix\venv\Lib\site-packages\django\conf\global_settings.py first seen with mtime 1654588095.20991
File C:\Users\PRAVEEN_STREAMS\AppData\Local\Programs\Python\Python36\Lib\email\mime\text.py first seen with mtime 1530047490.0
File C:\Users\PRAVEEN_STREAMS\AppData\Local\Programs\Python\Python36\Lib\sqlite3\__init__.py first seen with mtime 1530047490.0
File C:\Users\PRAVEEN_STREAMS\Desktop\jwelbix\venv\Lib\site-packages\django\contrib\__init__.py first seen with mtime 1654588095.8534405
File C:\Users\PRAVEEN_STREAMS\Desktop\jwelbix\venv\Lib\site-packages\pytz\exceptions.py first seen with mtime 1654588094.2999067
File C:\Users\PRAVEEN_STREAMS\Desktop\jwelbix\venv\Lib\site-packages\django\templatetags\i18n.py first seen with mtime 1654588099.619322
File C:\Users\PRAVEEN_STREAMS\Desktop\jwelbix\venv\Lib\site-packages\django\template\defaulttags.py first seen with mtime 1654588099.5880692
File C:\Users\PRAVEEN_STREAMS\AppData\Local\Programs\Python\Python36\Lib\site.py first seen with mtime 1530047490.0
File C:\Users\PRAVEEN_STREAMS\Desktop\jwelbix\venv\Lib\site-packages\django\db\models\utils.py first seen with mtime 1654588099.47828
File C:\Users\PRAVEEN_STREAMS\Desktop\jwelbix\venv\Lib\site-packages\rest_framework\renderers.py first seen with mtime 1654595200.4557333
File C:\Users\PRAVEEN_STREAMS\AppData\Local\Programs\Python\Python36\Lib\asyncio\futures.py first seen with mtime 1530047490.0
File C:\Users\PRAVEEN_STREAMS\Desktop\jwelbix\venv\Lib\site-packages\django\db\models\functions\text.py first seen with mtime 1654588099.4939015
File C:\Users\PRAVEEN_STREAMS\Desktop\jwelbix\venv\Lib\site-packages\django\contrib\admin\views\autocomplete.py first seen with mtime 1654588096.5658529
File C:\Users\PRAVEEN_STREAMS\AppData\Local\Programs\Python\Python36\Lib\wsgiref\__init__.py first seen with mtime 1530047490.0
File C:\Users\PRAVEEN_STREAMS\AppData\Local\Programs\Python\Python36\DLLs\_decimal.pyd first seen with mtime 1530050870.0
File C:\Users\PRAVEEN_STREAMS\AppData\Local\Programs\Python\Python36\Lib\posixpath.py first seen with mtime 1530047490.0
File C:\Users\PRAVEEN_STREAMS\Desktop\jwelbix\venv\Lib\site-packages\django\utils\deconstruct.py first seen with mtime 1654588099.6479568
File C:\Users\PRAVEEN_STREAMS\Desktop\jwelbix\venv\Lib\site-packages\django\utils\decorators.py first seen with mtime 1654588099.6479568
File C:\Users\PRAVEEN_STREAMS\AppData\Local\Programs\Python\Python36\Lib\ctypes\wintypes.py first seen with mtime 1530047490.0
File C:\Users\PRAVEEN_STREAMS\Desktop\jwelbix\venv\Lib\site-packages\django\templatetags\tz.py first seen with mtime 1654588099.619322
File C:\Users\PRAVEEN_STREAMS\Desktop\jwelbix\venv\Lib\site-packages\rest_framework\settings.py first seen with mtime 1654595200.4667354
File C:\Users\PRAVEEN_STREAMS\Desktop\jwelbix\venv\Lib\site-packages\rest_framework\generics.py first seen with mtime 1654595200.44073
File C:\Users\PRAVEEN_STREAMS\AppData\Local\Programs\Python\Python36\Lib\ctypes\_endian.py first seen with mtime 1530047490.0
File C:\Users\PRAVEEN_STREAMS\Desktop\jwelbix\apps\user_app\views.py first seen with mtime 1655223730.646094
File C:\Users\PRAVEEN_STREAMS\Desktop\jwelbix\venv\Lib\site-packages\django\core\checks\registry.py first seen with mtime 1654588099.3212063
File C:\Users\PRAVEEN_STREAMS\Desktop\jwelbix\venv\Lib\site-packages\django\contrib\contenttypes\admin.py first seen with mtime 1654588097.1304784
File C:\Users\PRAVEEN_STREAMS\Desktop\jwelbix\venv\Lib\site-packages\django\contrib\staticfiles\management\commands\runserver.py first seen with mtime 1654588099.289966
File C:\Users\PRAVEEN_STREAMS\Desktop\jwelbix\venv\Lib\site-packages\django\utils\inspect.py first seen with mtime 1654588099.6509652
File C:\Users\PRAVEEN_STREAMS\Desktop\jwelbix\venv\Lib\site-packages\sqlparse\filters\__init__.py first seen with mtime 1654588093.9771304
File C:\Users\PRAVEEN_STREAMS\Desktop\jwelbix\venv\Lib\site-packages\django\utils\timezone.py first seen with mtime 1654588099.6665962
File C:\Users\PRAVEEN_STREAMS\AppData\Local\Programs\Python\Python36\Lib\email\charset.py first seen with mtime 1530047490.0
File C:\Users\PRAVEEN_STREAMS\Desktop\jwelbix\venv\Lib\site-packages\django\db\migrations\operations\__init__.py first seen with mtime 1654588099.4626367
File C:\Users\PRAVEEN_STREAMS\Desktop\jwelbix\venv\Lib\site-packages\rest_framework\checks.py first seen with mtime 1654595200.4247315
File C:\Users\PRAVEEN_STREAMS\Desktop\jwelbix\venv\Lib\site-packages\django\db\migrations\__init__.py first seen with mtime 1654588099.44762
File C:\Users\PRAVEEN_STREAMS\AppData\Local\Programs\Python\Python36\Lib\wsgiref\simple_server.py first seen with mtime 1530047490.0
File C:\Users\PRAVEEN_STREAMS\Desktop\jwelbix\venv\Lib\site-packages\django\contrib\postgres\__init__.py first seen with mtime 1654588098.285818
File C:\Users\PRAVEEN_STREAMS\AppData\Local\Programs\Python\Python36\Lib\email\feedparser.py first seen with mtime 1530047490.0
File C:\Users\PRAVEEN_STREAMS\AppData\Local\Programs\Python\Python36\Lib\unittest\suite.py first seen with mtime 1530047490.0
File C:\Users\PRAVEEN_STREAMS\Desktop\jwelbix\venv\Lib\site-packages\sqlparse\utils.py first seen with mtime 1654588093.9691234
File C:\Users\PRAVEEN_STREAMS\Desktop\jwelbix\venv\Lib\site-packages\sqlparse\lexer.py first seen with mtime 1654588093.9691234
File C:\Users\PRAVEEN_STREAMS\Desktop\jwelbix\venv\Lib\site-packages\django\db\backends\base\base.py first seen with mtime 1654588099.3997276
File C:\Users\PRAVEEN_STREAMS\Desktop\jwelbix\venv\Lib\site-packages\django\core\cache\utils.py first seen with mtime 1654588099.3055844
File C:\Users\PRAVEEN_STREAMS\Desktop\jwelbix\venv\Lib\site-packages\pytz\tzfile.py first seen with mtime 1654588094.2999067
File C:\Users\PRAVEEN_STREAMS\AppData\Local\Programs\Python\Python36\Lib\concurrent\futures\_base.py first seen with mtime 1530047490.0
File C:\Users\PRAVEEN_STREAMS\Desktop\jwelbix\venv\Lib\site-packages\django\core\servers\__init__.py first seen with mtime 1654588099.3841026
File C:\Users\PRAVEEN_STREAMS\AppData\Local\Programs\Python\Python36\Lib\unittest\runner.py first seen with mtime 1530047490.0
File C:\Users\PRAVEEN_STREAMS\Desktop\jwelbix\venv\Lib\site-packages\django\template\defaultfilters.py first seen with mtime 1654588099.5880692
File C:\Users\PRAVEEN_STREAMS\Desktop\jwelbix\venv\Lib\site-packages\django\core\checks\database.py first seen with mtime 1654588099.3055844
File C:\Users\PRAVEEN_STREAMS\Desktop\jwelbix\venv\Lib\site-packages\rest_framework\request.py first seen with mtime 1654595200.4587345
File C:\Users\PRAVEEN_STREAMS\AppData\Local\Programs\Python\Python36\Lib\xml\dom\NodeFilter.py first seen with mtime 1530047490.0
File C:\Users\PRAVEEN_STREAMS\Desktop\jwelbix\venv\Lib\site-packages\rest_framework\utils\serializer_helpers.py first seen with mtime 1654595200.7888215
File C:\Users\PRAVEEN_STREAMS\AppData\Local\Programs\Python\Python36\DLLs\_overlapped.pyd first seen with mtime 1530050876.0
File C:\Users\PRAVEEN_STREAMS\AppData\Local\Programs\Python\Python36\Lib\json\__init__.py first seen with mtime 1530047490.0
File C:\Users\PRAVEEN_STREAMS\Desktop\jwelbix\venv\Lib\site-packages\django\template\engine.py first seen with mtime 1654588099.5880692
File C:\Users\PRAVEEN_STREAMS\Desktop\jwelbix\venv\Lib\site-packages\django\db\models\sql\datastructures.py first seen with mtime 1654588099.5095327
File C:\Users\PRAVEEN_STREAMS\AppData\Local\Programs\Python\Python36\Lib\xml\dom\domreg.py first seen with mtime 1530047490.0
File C:\Users\PRAVEEN_STREAMS\AppData\Local\Programs\Python\Python36\DLLs\_hashlib.pyd first seen with mtime 1530051006.0
File C:\Users\PRAVEEN_STREAMS\Desktop\jwelbix\venv\Lib\site-packages\django\utils\connection.py first seen with mtime 1654588099.6349404
File C:\Users\PRAVEEN_STREAMS\AppData\Local\Programs\Python\Python36\Lib\urllib\__init__.py first seen with mtime 1530047490.0
File C:\Users\PRAVEEN_STREAMS\Desktop\jwelbix\venv\Lib\site-packages\django\contrib\staticfiles\views.py first seen with mtime 1654588099.289966
File C:\Users\PRAVEEN_STREAMS\Desktop\jwelbix\venv\Lib\site-packages\sqlparse\engine\__init__.py first seen with mtime 1654588093.9691234
File C:\Users\PRAVEEN_STREAMS\AppData\Local\Programs\Python\Python36\Lib\copyreg.py first seen with mtime 1530047490.0
File C:\Users\PRAVEEN_STREAMS\Desktop\jwelbix\venv\Lib\site-packages\django\core\cache\backends\locmem.py first seen with mtime 1654588099.3055844
File C:\Users\PRAVEEN_STREAMS\AppData\Local\Programs\Python\Python36\Lib\difflib.py first seen with mtime 1530047490.0
File C:\Users\PRAVEEN_STREAMS\Desktop\jwelbix\venv\Lib\site-packages\django\contrib\auth\validators.py first seen with mtime 1654588096.848363
File C:\Users\PRAVEEN_STREAMS\Desktop\jwelbix\venv\Lib\site-packages\django\contrib\admin\templatetags\admin_modify.py first seen with mtime 1654588096.5658529
File C:\Users\PRAVEEN_STREAMS\Desktop\jwelbix\venv\Lib\site-packages\django\utils\dateformat.py first seen with mtime 1654588099.6349404
File C:\Users\PRAVEEN_STREAMS\AppData\Local\Programs\Python\Python36\Lib\secrets.py first seen with mtime 1530047490.0
File C:\Users\PRAVEEN_STREAMS\AppData\Local\Programs\Python\Python36\Lib\multiprocessing\context.py first seen with mtime 1530047490.0
File C:\Users\PRAVEEN_STREAMS\Desktop\jwelbix\venv\Lib\site-packages\django\contrib\staticfiles\__init__.py first seen with mtime 1654588099.274324
File C:\Users\PRAVEEN_STREAMS\AppData\Local\Programs\Python\Python36\Lib\urllib\request.py first seen with mtime 1530047490.0
File C:\Users\PRAVEEN_STREAMS\AppData\Local\Programs\Python\Python36\Lib\warnings.py first seen with mtime 1530047490.0
File C:\Users\PRAVEEN_STREAMS\Desktop\jwelbix\venv\Lib\site-packages\django\test\signals.py first seen with mtime 1654588099.619322
File C:\Users\PRAVEEN_STREAMS\AppData\Local\Programs\Python\Python36\Lib\email\base64mime.py first seen with mtime 1530047490.0
File C:\Users\PRAVEEN_STREAMS\Desktop\jwelbix\venv\Lib\site-packages\django\utils\itercompat.py first seen with mtime 1654588099.6509652
File C:\Users\PRAVEEN_STREAMS\Desktop\jwelbix\venv\Lib\site-packages\django\contrib\staticfiles\handlers.py first seen with mtime 1654588099.289966
File C:\Users\PRAVEEN_STREAMS\AppData\Local\Programs\Python\Python36\Lib\sre_constants.py first seen with mtime 1530047490.0
File C:\Users\PRAVEEN_STREAMS\AppData\Local\Programs\Python\Python36\Lib\asyncio\selector_events.py first seen with mtime 1530047490.0
File C:\Users\PRAVEEN_STREAMS\AppData\Local\Programs\Python\Python36\Lib\asyncio\log.py first seen with mtime 1530047490.0
File C:\Users\PRAVEEN_STREAMS\Desktop\jwelbix\venv\Lib\site-packages\django\test\utils.py first seen with mtime 1654588099.619322
File C:\Users\PRAVEEN_STREAMS\AppData\Local\Programs\Python\Python36\Lib\urllib\response.py first seen with mtime 1530047490.0
File C:\Users\PRAVEEN_STREAMS\AppData\Local\Programs\Python\Python36\Lib\datetime.py first seen with mtime 1530047490.0
File C:\Users\PRAVEEN_STREAMS\Desktop\jwelbix\venv\Lib\site-packages\django\db\backends\sqlite3\features.py first seen with mtime 1654588099.430988
File C:\Users\PRAVEEN_STREAMS\Desktop\jwelbix\venv\Lib\site-packages\django\contrib\admindocs\utils.py first seen with mtime 1654588096.5658529
File C:\Users\PRAVEEN_STREAMS\Desktop\jwelbix\venv\Lib\site-packages\django\core\exceptions.py first seen with mtime 1654588099.3055844
File C:\Users\PRAVEEN_STREAMS\Desktop\jwelbix\venv\Lib\site-packages\sqlparse\__init__.py first seen with mtime 1654588093.9611292
File C:\Users\PRAVEEN_STREAMS\AppData\Local\Programs\Python\Python36\Lib\asyncio\subprocess.py first seen with mtime 1530047490.0
File C:\Users\PRAVEEN_STREAMS\Desktop\jwelbix\venv\Lib\site-packages\django\utils\safestring.py first seen with mtime 1654588099.6509652
File C:\Users\PRAVEEN_STREAMS\Desktop\jwelbix\venv\Lib\site-packages\django\db\models\aggregates.py first seen with mtime 1654588099.4626367
File C:\Users\PRAVEEN_STREAMS\Desktop\jwelbix\venv\Lib\site-packages\django\contrib\messages\api.py first seen with mtime 1654588098.285818
File C:\Users\PRAVEEN_STREAMS\Desktop\jwelbix\venv\Lib\site-packages\django\views\generic\edit.py first seen with mtime 1654588099.6822236
File C:\Users\PRAVEEN_STREAMS\Desktop\jwelbix\venv\Lib\site-packages\django\db\backends\sqlite3\introspection.py first seen with mtime 1654588099.430988
File C:\Users\PRAVEEN_STREAMS\Desktop\jwelbix\venv\Lib\site-packages\django\core\checks\caches.py first seen with mtime 1654588099.3055844
File C:\Users\PRAVEEN_STREAMS\Desktop\jwelbix\jwelB\urls.py first seen with mtime 1655048613.0914135
File C:\Users\PRAVEEN_STREAMS\AppData\Local\Programs\Python\Python36\Lib\email\_header_value_parser.py first seen with mtime 1530047490.0
File C:\Users\PRAVEEN_STREAMS\Desktop\jwelbix\venv\Lib\site-packages\django\views\__init__.py first seen with mtime 1654588099.6665962
File C:\Users\PRAVEEN_STREAMS\Desktop\jwelbix\venv\Lib\site-packages\django\core\management\commands\__init__.py first seen with mtime 1654588099.3528445
File C:\Users\PRAVEEN_STREAMS\Desktop\jwelbix\venv\Lib\site-packages\django\middleware\cache.py first seen with mtime 1654588099.572444
File C:\Users\PRAVEEN_STREAMS\Desktop\jwelbix\venv\Lib\site-packages\sqlparse\cli.py first seen with mtime 1654588093.9611292
File C:\Users\PRAVEEN_STREAMS\AppData\Local\Programs\Python\Python36\Lib\copy.py first seen with mtime 1530047490.0
File C:\Users\PRAVEEN_STREAMS\Desktop\jwelbix\venv\Lib\site-packages\rest_framework\negotiation.py first seen with mtime 1654595200.4467316
File C:\Users\PRAVEEN_STREAMS\Desktop\jwelbix\venv\Lib\site-packages\django\http\__init__.py first seen with mtime 1654588099.572444
File C:\Users\PRAVEEN_STREAMS\Desktop\jwelbix\venv\Lib\site-packages\django\views\defaults.py first seen with mtime 1654588099.6665962
File C:\Users\PRAVEEN_STREAMS\Desktop\jwelbix\venv\Lib\site-packages\asgiref\compatibility.py first seen with mtime 1654588095.0059495
File C:\Users\PRAVEEN_STREAMS\Desktop\jwelbix\venv\Lib\site-packages\django\db\backends\base\introspection.py first seen with mtime 1654588099.3997276
File C:\Users\PRAVEEN_STREAMS\AppData\Local\Programs\Python\Python36\Lib\asyncio\windows_events.py first seen with mtime 1530047490.0
File C:\Users\PRAVEEN_STREAMS\AppData\Local\Programs\Python\Python36\Lib\lzma.py first seen with mtime 1530047490.0
File C:\Users\PRAVEEN_STREAMS\Desktop\jwelbix\venv\Lib\site-packages\django\forms\utils.py first seen with mtime 1654588099.5251584
File C:\Users\PRAVEEN_STREAMS\Desktop\jwelbix\venv\Lib\site-packages\sqlparse\engine\statement_splitter.py first seen with mtime 1654588093.9771304
File C:\Users\PRAVEEN_STREAMS\Desktop\jwelbix\venv\Lib\site-packages\django\template\loader.py first seen with mtime 1654588099.5880692
File C:\Users\PRAVEEN_STREAMS\Desktop\jwelbix\venv\Lib\site-packages\django\core\management\base.py first seen with mtime 1654588099.3528445
File C:\Users\PRAVEEN_STREAMS\AppData\Local\Programs\Python\Python36\Lib\unittest\case.py first seen with mtime 1530047490.0
File C:\Users\PRAVEEN_STREAMS\Desktop\jwelbix\venv\Lib\site-packages\django\db\migrations\operations\utils.py first seen with mtime 1654588099.4626367
File C:\Users\PRAVEEN_STREAMS\Desktop\jwelbix\venv\Lib\site-packages\rest_framework\__init__.py first seen with mtime 1654595200.4167268
File C:\Users\PRAVEEN_STREAMS\Desktop\jwelbix\venv\Lib\site-packages\django\contrib\sessions\backends\__init__.py first seen with mtime 1654588098.7461097
File C:\Users\PRAVEEN_STREAMS\Desktop\jwelbix\venv\Lib\site-packages\django\db\backends\base\features.py first seen with mtime 1654588099.3997276
File C:\Users\PRAVEEN_STREAMS\Desktop\jwelbix\apps\user_app\urls.py first seen with mtime 1655054511.483537
File C:\Users\PRAVEEN_STREAMS\AppData\Local\Programs\Python\Python36\Lib\gettext.py first seen with mtime 1530047490.0
File C:\Users\PRAVEEN_STREAMS\AppData\Local\Programs\Python\Python36\Lib\concurrent\futures\process.py first seen with mtime 1530047490.0
File C:\Users\PRAVEEN_STREAMS\Desktop\jwelbix\venv\Lib\site-packages\django\db\models\sql\__init__.py first seen with mtime 1654588099.4939015
File C:\Users\PRAVEEN_STREAMS\Desktop\jwelbix\venv\Lib\site-packages\rest_framework\schemas\openapi.py first seen with mtime 1654595200.6251304
File C:\Users\PRAVEEN_STREAMS\Desktop\jwelbix\venv\Lib\site-packages\django\contrib\sessions\apps.py first seen with mtime 1654588098.7461097
File C:\Users\PRAVEEN_STREAMS\AppData\Local\Programs\Python\Python36\Lib\email\_parseaddr.py first seen with mtime 1530047490.0
File C:\Users\PRAVEEN_STREAMS\Desktop\jwelbix\venv\Lib\site-packages\django\contrib\sessions\base_session.py first seen with mtime 1654588098.7461097
File C:\Users\PRAVEEN_STREAMS\Desktop\jwelbix\venv\Lib\site-packages\django\views\decorators\debug.py first seen with mtime 1654588099.6822236
File C:\Users\PRAVEEN_STREAMS\Desktop\jwelbix\venv\Lib\site-packages\rest_framework\utils\representation.py first seen with mtime 1654595200.7868197
File C:\Users\PRAVEEN_STREAMS\Desktop\jwelbix\venv\Lib\site-packages\django\contrib\auth\password_validation.py first seen with mtime 1654588096.848363
File C:\Users\PRAVEEN_STREAMS\Desktop\jwelbix\venv\Lib\site-packages\django\urls\converters.py first seen with mtime 1654588099.619322
File C:\Users\PRAVEEN_STREAMS\Desktop\jwelbix\venv\Lib\site-packages\django\http\request.py first seen with mtime 1654588099.572444
File C:\Users\PRAVEEN_STREAMS\Desktop\jwelbix\venv\Lib\site-packages\rest_framework\utils\field_mapping.py first seen with mtime 1654595200.7778192
File C:\Users\PRAVEEN_STREAMS\Desktop\jwelbix\venv\Lib\site-packages\django\core\checks\security\csrf.py first seen with mtime 1654588099.3212063
File C:\Users\PRAVEEN_STREAMS\Desktop\jwelbix\venv\Lib\site-packages\django\utils\cache.py first seen with mtime 1654588099.6349404
File C:\Users\PRAVEEN_STREAMS\Desktop\jwelbix\venv\Lib\site-packages\django\template\loaders\app_directories.py first seen with mtime 1654588099.603686
File C:\Users\PRAVEEN_STREAMS\AppData\Local\Programs\Python\Python36\Lib\email\mime\message.py first seen with mtime 1530047490.0
File C:\Users\PRAVEEN_STREAMS\Desktop\jwelbix\venv\Lib\site-packages\django\contrib\sessions\models.py first seen with mtime 1654588098.7461097
File C:\Users\PRAVEEN_STREAMS\Desktop\jwelbix\venv\Lib\site-packages\django\shortcuts.py first seen with mtime 1654588095.1942842
File C:\Users\PRAVEEN_STREAMS\AppData\Local\Programs\Python\Python36\Lib\urllib\parse.py first seen with mtime 1530047490.0
File C:\Users\PRAVEEN_STREAMS\AppData\Local\Programs\Python\Python36\Lib\ctypes\__init__.py first seen with mtime 1530047490.0
File C:\Users\PRAVEEN_STREAMS\Desktop\jwelbix\venv\Lib\site-packages\rest_framework\mixins.py first seen with mtime 1654595200.4447303
File C:\Users\PRAVEEN_STREAMS\AppData\Local\Programs\Python\Python36\Lib\multiprocessing\process.py first seen with mtime 1530047490.0
File C:\Users\PRAVEEN_STREAMS\Desktop\jwelbix\venv\Lib\site-packages\django\contrib\admin\models.py first seen with mtime 1654588095.8534405
File C:\Users\PRAVEEN_STREAMS\AppData\Local\Programs\Python\Python36\Lib\selectors.py first seen with mtime 1530047490.0
File C:\Users\PRAVEEN_STREAMS\AppData\Local\Programs\Python\Python36\Lib\unittest\util.py first seen with mtime 1530047490.0
File C:\Users\PRAVEEN_STREAMS\Desktop\jwelbix\venv\Lib\site-packages\django\forms\forms.py first seen with mtime 1654588099.5095327
File C:\Users\PRAVEEN_STREAMS\Desktop\jwelbix\venv\Lib\site-packages\django\db\models\fields\reverse_related.py first seen with mtime 1654588099.4939015
File C:\Users\PRAVEEN_STREAMS\AppData\Local\Programs\Python\Python36\Lib\keyword.py first seen with mtime 1530047490.0
File C:\Users\PRAVEEN_STREAMS\AppData\Local\Programs\Python\Python36\Lib\asyncio\base_subprocess.py first seen with mtime 1530047490.0
File C:\Users\PRAVEEN_STREAMS\Desktop\jwelbix\venv\Lib\site-packages\django\core\mail\__init__.py first seen with mtime 1654588099.3368292
File C:\Users\PRAVEEN_STREAMS\AppData\Local\Programs\Python\Python36\Lib\os.py first seen with mtime 1530047490.0
File C:\Users\PRAVEEN_STREAMS\Desktop\jwelbix\venv\Lib\site-packages\django\contrib\sites\__init__.py first seen with mtime 1654588099.0467346
File C:\Users\PRAVEEN_STREAMS\AppData\Local\Programs\Python\Python36\Lib\pkgutil.py first seen with mtime 1530047490.0
File C:\Users\PRAVEEN_STREAMS\AppData\Local\Programs\Python\Python36\Lib\asyncio\base_tasks.py first seen with mtime 1530047490.0
File C:\Users\PRAVEEN_STREAMS\Desktop\jwelbix\venv\Lib\site-packages\django\contrib\admin\views\__init__.py first seen with mtime 1654588096.5658529
File C:\Users\PRAVEEN_STREAMS\AppData\Local\Programs\Python\Python36\Lib\re.py first seen with mtime 1530047490.0
File C:\Users\PRAVEEN_STREAMS\AppData\Local\Programs\Python\Python36\Lib\multiprocessing\util.py first seen with mtime 1530047490.0
File C:\Users\PRAVEEN_STREAMS\Desktop\jwelbix\venv\Lib\site-packages\django\template\smartif.py first seen with mtime 1654588099.603686
File C:\Users\PRAVEEN_STREAMS\Desktop\jwelbix\venv\Lib\site-packages\django\db\backends\utils.py first seen with mtime 1654588099.3997276
File C:\Users\PRAVEEN_STREAMS\AppData\Local\Programs\Python\Python36\Lib\multiprocessing\reduction.py first seen with mtime 1530047490.0
File C:\Users\PRAVEEN_STREAMS\AppData\Local\Programs\Python\Python36\Lib\html\parser.py first seen with mtime 1530047490.0
File C:\Users\PRAVEEN_STREAMS\AppData\Local\Programs\Python\Python36\Lib\email\parser.py first seen with mtime 1530047490.0
File C:\Users\PRAVEEN_STREAMS\AppData\Local\Programs\Python\Python36\Lib\email\header.py first seen with mtime 1530047490.0
File C:\Users\PRAVEEN_STREAMS\AppData\Local\Programs\Python\Python36\Lib\_compression.py first seen with mtime 1530047490.0
File C:\Users\PRAVEEN_STREAMS\Desktop\jwelbix\venv\Lib\site-packages\django\db\migrations\operations\fields.py first seen with mtime 1654588099.4626367
File C:\Users\PRAVEEN_STREAMS\AppData\Local\Programs\Python\Python36\Lib\_weakrefset.py first seen with mtime 1530047490.0
File C:\Users\PRAVEEN_STREAMS\Desktop\jwelbix\venv\Lib\site-packages\django\core\cache\backends\filebased.py first seen with mtime 1654588099.3055844
File C:\Users\PRAVEEN_STREAMS\AppData\Local\Programs\Python\Python36\Lib\email\encoders.py first seen with mtime 1530047490.0
File C:\Users\PRAVEEN_STREAMS\AppData\Local\Programs\Python\Python36\Lib\importlib\__init__.py first seen with mtime 1530047490.0
File C:\Users\PRAVEEN_STREAMS\AppData\Local\Programs\Python\Python36\Lib\sqlite3\dbapi2.py first seen with mtime 1530047490.0
File C:\Users\PRAVEEN_STREAMS\AppData\Local\Programs\Python\Python36\Lib\_sitebuiltins.py first seen with mtime 1530047490.0
File C:\Users\PRAVEEN_STREAMS\AppData\Local\Programs\Python\Python36\Lib\encodings\latin_1.py first seen with mtime 1530047490.0
File C:\Users\PRAVEEN_STREAMS\AppData\Local\Programs\Python\Python36\Lib\unittest\signals.py first seen with mtime 1530047490.0
File C:\Users\PRAVEEN_STREAMS\Desktop\jwelbix\venv\Lib\site-packages\django\utils\http.py first seen with mtime 1654588099.6509652
File C:\Users\PRAVEEN_STREAMS\Desktop\jwelbix\venv\Lib\site-packages\django\utils\topological_sort.py first seen with mtime 1654588099.6665962
File C:\Users\PRAVEEN_STREAMS\AppData\Local\Programs\Python\Python36\Lib\calendar.py first seen with mtime 1530047490.0
File C:\Users\PRAVEEN_STREAMS\Desktop\jwelbix\venv\Lib\site-packages\django\conf\urls\__init__.py first seen with mtime 1654588095.8534405
File C:\Users\PRAVEEN_STREAMS\Desktop\jwelbix\venv\Lib\site-packages\django\db\migrations\exceptions.py first seen with mtime 1654588099.44762
File C:\Users\PRAVEEN_STREAMS\Desktop\jwelbix\venv\Lib\site-packages\django\db\migrations\migration.py first seen with mtime 1654588099.4626367
File C:\Users\PRAVEEN_STREAMS\AppData\Local\Programs\Python\Python36\Lib\pprint.py first seen with mtime 1530047490.0
File C:\Users\PRAVEEN_STREAMS\Desktop\jwelbix\venv\Lib\site-packages\rest_framework\routers.py first seen with mtime 1654595200.4627364
File C:\Users\PRAVEEN_STREAMS\Desktop\jwelbix\venv\Lib\site-packages\django\db\models\sql\where.py first seen with mtime 1654588099.5095327
File C:\Users\PRAVEEN_STREAMS\AppData\Local\Programs\Python\Python36\Lib\shutil.py first seen with mtime 1530047490.0
File C:\Users\PRAVEEN_STREAMS\Desktop\jwelbix\venv\Lib\site-packages\django\views\generic\__init__.py first seen with mtime 1654588099.6822236
File C:\Users\PRAVEEN_STREAMS\AppData\Local\Programs\Python\Python36\DLLs\_socket.pyd first seen with mtime 1530050914.0
File C:\Users\PRAVEEN_STREAMS\Desktop\jwelbix\venv\Lib\site-packages\rest_framework\fields.py first seen with mtime 1654595200.4357283
File C:\Users\PRAVEEN_STREAMS\Desktop\jwelbix\venv\Lib\site-packages\django\utils\regex_helper.py first seen with mtime 1654588099.6509652
File C:\Users\PRAVEEN_STREAMS\AppData\Local\Programs\Python\Python36\DLLs\select.pyd first seen with mtime 1530050880.0
File C:\Users\PRAVEEN_STREAMS\Desktop\jwelbix\venv\Lib\site-packages\django\contrib\auth\tokens.py first seen with mtime 1654588096.848363
File C:\Users\PRAVEEN_STREAMS\Desktop\jwelbix\venv\Lib\site-packages\rest_framework\viewsets.py first seen with mtime 1654595200.480738
File C:\Users\PRAVEEN_STREAMS\Desktop\jwelbix\venv\Lib\site-packages\django\utils\log.py first seen with mtime 1654588099.6509652
File C:\Users\PRAVEEN_STREAMS\AppData\Local\Programs\Python\Python36\Lib\traceback.py first seen with mtime 1530047490.0
File C:\Users\PRAVEEN_STREAMS\Desktop\jwelbix\venv\Lib\site-packages\django\contrib\admin\templatetags\__init__.py first seen with mtime 1654588096.5658529
File C:\Users\PRAVEEN_STREAMS\Desktop\jwelbix\venv\Lib\site-packages\rest_framework\schemas\inspectors.py first seen with mtime 1654595200.6241207
File C:\Users\PRAVEEN_STREAMS\AppData\Local\Programs\Python\Python36\Lib\asyncio\streams.py first seen with mtime 1530047490.0
File C:\Users\PRAVEEN_STREAMS\Desktop\jwelbix\venv\Lib\site-packages\rest_framework\utils\breadcrumbs.py first seen with mtime 1654595200.7758176
File C:\Users\PRAVEEN_STREAMS\AppData\Local\Programs\Python\Python36\Lib\asyncio\protocols.py first seen with mtime 1530047490.0
File C:\Users\PRAVEEN_STREAMS\AppData\Local\Programs\Python\Python36\Lib\collections\__init__.py first seen with mtime 1530047490.0
File C:\Users\PRAVEEN_STREAMS\Desktop\jwelbix\venv\Lib\site-packages\django\db\models\base.py first seen with mtime 1654588099.47828
File C:\Users\PRAVEEN_STREAMS\Desktop\jwelbix\venv\Lib\site-packages\django\core\mail\utils.py first seen with mtime 1654588099.3473372
File C:\Users\PRAVEEN_STREAMS\Desktop\jwelbix\venv\Lib\site-packages\django\contrib\admin\apps.py first seen with mtime 1654588095.8534405
File C:\Users\PRAVEEN_STREAMS\Desktop\jwelbix\venv\Lib\site-packages\asgiref\current_thread_executor.py first seen with mtime 1654588095.0059495
File C:\Users\PRAVEEN_STREAMS\Desktop\jwelbix\venv\Lib\site-packages\sqlparse\filters\reindent.py first seen with mtime 1654588093.9851236
File C:\Users\PRAVEEN_STREAMS\Desktop\jwelbix\venv\Lib\site-packages\rest_framework\response.py first seen with mtime 1654595200.459734
File C:\Users\PRAVEEN_STREAMS\Desktop\jwelbix\venv\Lib\site-packages\rest_framework\authtoken\admin.py first seen with mtime 1654595200.4847383
File C:\Users\PRAVEEN_STREAMS\Desktop\jwelbix\venv\Lib\site-packages\django\contrib\sessions\middleware.py first seen with mtime 1654588098.7461097
File C:\Users\PRAVEEN_STREAMS\Desktop\jwelbix\venv\Lib\site-packages\rest_framework\authtoken\__init__.py first seen with mtime 1654595200.482739
File C:\Users\PRAVEEN_STREAMS\Desktop\jwelbix\venv\Lib\site-packages\rest_framework\authtoken\models.py first seen with mtime 1654595200.4877398
File C:\Users\PRAVEEN_STREAMS\Desktop\jwelbix\venv\Lib\site-packages\django\template\exceptions.py first seen with mtime 1654588099.5880692
File C:\Users\PRAVEEN_STREAMS\Desktop\jwelbix\venv\Lib\site-packages\django\contrib\auth\management\__init__.py first seen with mtime 1654588097.114842
File C:\Users\PRAVEEN_STREAMS\Desktop\jwelbix\venv\Lib\site-packages\django\test\html.py first seen with mtime 1654588099.619322
File C:\Users\PRAVEEN_STREAMS\AppData\Local\Programs\Python\Python36\Lib\wsgiref\headers.py first seen with mtime 1530047490.0
File C:\Users\PRAVEEN_STREAMS\Desktop\jwelbix\venv\Lib\site-packages\django\contrib\contenttypes\fields.py first seen with mtime 1654588097.1304784
File C:\Users\PRAVEEN_STREAMS\Desktop\jwelbix\venv\Lib\site-packages\rest_framework\authtoken\apps.py first seen with mtime 1654595200.4857385
File C:\Users\PRAVEEN_STREAMS\AppData\Local\Programs\Python\Python36\Lib\email\policy.py first seen with mtime 1530047490.0
File C:\Users\PRAVEEN_STREAMS\Desktop\jwelbix\venv\Lib\site-packages\django\contrib\admindocs\__init__.py first seen with mtime 1654588096.5658529
File C:\Users\PRAVEEN_STREAMS\AppData\Local\Programs\Python\Python36\Lib\reprlib.py first seen with mtime 1530047490.0
File C:\Users\PRAVEEN_STREAMS\Desktop\jwelbix\venv\Lib\site-packages\django\template\__init__.py first seen with mtime 1654588099.5880692
File C:\Users\PRAVEEN_STREAMS\Desktop\jwelbix\venv\Lib\site-packages\django\contrib\auth\middleware.py first seen with mtime 1654588096.848363
File C:\Users\PRAVEEN_STREAMS\Desktop\jwelbix\venv\Lib\site-packages\django\contrib\auth\decorators.py first seen with mtime 1654588096.848363
File C:\Users\PRAVEEN_STREAMS\Desktop\jwelbix\apps\user_app\admin.py first seen with mtime 1655044246.0162458
File C:\Users\PRAVEEN_STREAMS\Desktop\jwelbix\venv\Lib\site-packages\django\contrib\messages\apps.py first seen with mtime 1654588098.285818
File C:\Users\PRAVEEN_STREAMS\Desktop\jwelbix\venv\Lib\site-packages\django\http\cookie.py first seen with mtime 1654588099.572444
File C:\Users\PRAVEEN_STREAMS\Desktop\jwelbix\venv\Lib\site-packages\django\views\static.py first seen with mtime 1654588099.6665962
File C:\Users\PRAVEEN_STREAMS\AppData\Local\Programs\Python\Python36\Lib\numbers.py first seen with mtime 1530047490.0
File C:\Users\PRAVEEN_STREAMS\AppData\Local\Programs\Python\Python36\Lib\asyncio\tasks.py first seen with mtime 1530047490.0
File C:\Users\PRAVEEN_STREAMS\AppData\Local\Programs\Python\Python36\Lib\subprocess.py first seen with mtime 1530047490.0
File C:\Users\PRAVEEN_STREAMS\Desktop\jwelbix\venv\Lib\site-packages\django\contrib\admin\utils.py first seen with mtime 1654588095.8690767
File C:\Users\PRAVEEN_STREAMS\Desktop\jwelbix\venv\Lib\site-packages\django\db\models\fields\json.py first seen with mtime 1654588099.47828
File C:\Users\PRAVEEN_STREAMS\Desktop\jwelbix\venv\Lib\site-packages\django\test\testcases.py first seen with mtime 1654588099.619322
File C:\Users\PRAVEEN_STREAMS\Desktop\jwelbix\venv\Lib\site-packages\django\db\backends\base\operations.py first seen with mtime 1654588099.3997276
File C:\Users\PRAVEEN_STREAMS\AppData\Local\Programs\Python\Python36\Lib\inspect.py first seen with mtime 1530047490.0
File C:\Users\PRAVEEN_STREAMS\AppData\Local\Programs\Python\Python36\Lib\logging\handlers.py first seen with mtime 1530047490.0
File C:\Users\PRAVEEN_STREAMS\Desktop\jwelbix\venv\Lib\site-packages\django\urls\conf.py first seen with mtime 1654588099.619322
File C:\Users\PRAVEEN_STREAMS\Desktop\jwelbix\venv\Lib\site-packages\django\utils\asyncio.py first seen with mtime 1654588099.6349404
File C:\Users\PRAVEEN_STREAMS\Desktop\jwelbix\venv\Lib\site-packages\pytz\tzinfo.py first seen with mtime 1654588094.2999067
File C:\Users\PRAVEEN_STREAMS\Desktop\jwelbix\venv\Lib\site-packages\django\contrib\contenttypes\apps.py first seen with mtime 1654588097.1304784
File C:\Users\PRAVEEN_STREAMS\AppData\Local\Programs\Python\Python36\Lib\email\mime\base.py first seen with mtime 1530047490.0
File C:\Users\PRAVEEN_STREAMS\Desktop\jwelbix\venv\Lib\site-packages\django\utils\autoreload.py first seen with mtime 1654588099.6349404
File C:\Users\PRAVEEN_STREAMS\AppData\Local\Programs\Python\Python36\Lib\encodings\cp1252.py first seen with mtime 1530047490.0
File C:\Users\PRAVEEN_STREAMS\Desktop\jwelbix\venv\Lib\site-packages\rest_framework\schemas\views.py first seen with mtime 1654595200.6281297
File C:\Users\PRAVEEN_STREAMS\Desktop\jwelbix\venv\Lib\site-packages\django\db\models\sql\query.py first seen with mtime 1654588099.5095327
File C:\Users\PRAVEEN_STREAMS\Desktop\jwelbix\venv\Lib\site-packages\sqlparse\tokens.py first seen with mtime 1654588093.9691234
File C:\Users\PRAVEEN_STREAMS\AppData\Local\Programs\Python\Python36\Lib\email\mime\__init__.py first seen with mtime 1530047490.0
File C:\Users\PRAVEEN_STREAMS\Desktop\jwelbix\venv\Lib\site-packages\sqlparse\filters\right_margin.py first seen with mtime 1654588093.9851236
File C:\Users\PRAVEEN_STREAMS\Desktop\jwelbix\venv\Lib\site-packages\django\core\files\utils.py first seen with mtime 1654588099.3368292
File C:\Users\PRAVEEN_STREAMS\Desktop\jwelbix\venv\Lib\site-packages\django\middleware\csrf.py first seen with mtime 1654588099.572444
File C:\Users\PRAVEEN_STREAMS\Desktop\jwelbix\venv\Lib\site-packages\django\core\checks\security\sessions.py first seen with mtime 1654588099.3212063
File C:\Users\PRAVEEN_STREAMS\Desktop\jwelbix\venv\Lib\site-packages\django\core\cache\__init__.py first seen with mtime 1654588099.3055844
File C:\Users\PRAVEEN_STREAMS\AppData\Local\Programs\Python\Python36\Lib\email\mime\multipart.py first seen with mtime 1530047490.0
File C:\Users\PRAVEEN_STREAMS\Desktop\jwelbix\venv\Lib\site-packages\django\utils\tree.py first seen with mtime 1654588099.6665962
File C:\Users\PRAVEEN_STREAMS\Desktop\jwelbix\venv\Lib\site-packages\django\template\response.py first seen with mtime 1654588099.5880692
File C:\Users\PRAVEEN_STREAMS\Desktop\jwelbix\venv\Lib\site-packages\django\core\management\commands\runserver.py first seen with mtime 1654588099.3684833
File C:\Users\PRAVEEN_STREAMS\Desktop\jwelbix\venv\Lib\site-packages\django\core\mail\message.py first seen with mtime 1654588099.3473372
File C:\Users\PRAVEEN_STREAMS\Desktop\jwelbix\venv\Lib\site-packages\rest_framework\schemas\generators.py first seen with mtime 1654595200.6221192
File C:\Users\PRAVEEN_STREAMS\Desktop\jwelbix\venv\Lib\site-packages\django\forms\renderers.py first seen with mtime 1654588099.5251584
File C:\Users\PRAVEEN_STREAMS\Desktop\jwelbix\venv\Lib\site-packages\django\db\models\fields\files.py first seen with mtime 1654588099.47828
File C:\Users\PRAVEEN_STREAMS\Desktop\jwelbix\venv\Lib\site-packages\django\template\base.py first seen with mtime 1654588099.5880692
File C:\Users\PRAVEEN_STREAMS\Desktop\jwelbix\venv\Lib\site-packages\django\contrib\admin\exceptions.py first seen with mtime 1654588095.8534405
File C:\Users\PRAVEEN_STREAMS\Desktop\jwelbix\venv\Lib\site-packages\asgiref\sync.py first seen with mtime 1654588095.021576
File C:\Users\PRAVEEN_STREAMS\Desktop\jwelbix\venv\Lib\site-packages\django\db\models\options.py first seen with mtime 1654588099.47828
File C:\Users\PRAVEEN_STREAMS\Desktop\jwelbix\venv\Lib\site-packages\django\db\backends\sqlite3\client.py first seen with mtime 1654588099.430988
File C:\Users\PRAVEEN_STREAMS\AppData\Local\Programs\Python\Python36\Lib\tempfile.py first seen with mtime 1530047490.0
File C:\Users\PRAVEEN_STREAMS\AppData\Local\Programs\Python\Python36\Lib\quopri.py first seen with mtime 1530047490.0
File C:\Users\PRAVEEN_STREAMS\Desktop\jwelbix\venv\Lib\site-packages\rest_framework\status.py first seen with mtime 1654595200.4677346
File C:\Users\PRAVEEN_STREAMS\AppData\Local\Programs\Python\Python36\Lib\asyncio\constants.py first seen with mtime 1530047490.0
File C:\Users\PRAVEEN_STREAMS\Desktop\jwelbix\venv\Lib\site-packages\rest_framework\utils\formatting.py first seen with mtime 1654595200.7798195
File C:\Users\PRAVEEN_STREAMS\Desktop\jwelbix\venv\Lib\site-packages\rest_framework\utils\encoders.py first seen with mtime 1654595200.7768185
File C:\Users\PRAVEEN_STREAMS\Desktop\jwelbix\venv\Lib\site-packages\django\core\files\locks.py first seen with mtime 1654588099.3212063
File C:\Users\PRAVEEN_STREAMS\Desktop\jwelbix\apps\user_app\models.py first seen with mtime 1655049931.8548431
File C:\Users\PRAVEEN_STREAMS\Desktop\jwelbix\venv\Lib\site-packages\django\db\migrations\operations\special.py first seen with mtime 1654588099.4626367
File C:\Users\PRAVEEN_STREAMS\AppData\Local\Programs\Python\Python36\Lib\_collections_abc.py first seen with mtime 1530047490.0
File C:\Users\PRAVEEN_STREAMS\Desktop\jwelbix\venv\Lib\site-packages\django\views\generic\base.py first seen with mtime 1654588099.6822236
File C:\Users\PRAVEEN_STREAMS\AppData\Local\Programs\Python\Python36\Lib\socketserver.py first seen with mtime 1530047490.0
File C:\Users\PRAVEEN_STREAMS\Desktop\jwelbix\venv\Lib\site-packages\django\views\generic\list.py first seen with mtime 1654588099.6822236
File C:\Users\PRAVEEN_STREAMS\AppData\Local\Programs\Python\Python36\Lib\bz2.py first seen with mtime 1530047490.0
File C:\Users\PRAVEEN_STREAMS\AppData\Local\Programs\Python\Python36\Lib\enum.py first seen with mtime 1530047490.0
File C:\Users\PRAVEEN_STREAMS\AppData\Local\Programs\Python\Python36\Lib\importlib\util.py first seen with mtime 1530047490.0
File C:\Users\PRAVEEN_STREAMS\Desktop\jwelbix\venv\Lib\site-packages\django\contrib\admin\templatetags\log.py first seen with mtime 1654588096.5658529
File C:\Users\PRAVEEN_STREAMS\AppData\Local\Programs\Python\Python36\Lib\logging\config.py first seen with mtime 1530047490.0
File C:\Users\PRAVEEN_STREAMS\Desktop\jwelbix\venv\Lib\site-packages\django\core\handlers\__init__.py first seen with mtime 1654588099.3368292
File C:\Users\PRAVEEN_STREAMS\Desktop\jwelbix\venv\Lib\site-packages\django\forms\widgets.py first seen with mtime 1654588099.5251584
File C:\Users\PRAVEEN_STREAMS\Desktop\jwelbix\venv\Lib\site-packages\django\db\models\fields\mixins.py first seen with mtime 1654588099.4939015
File C:\Users\PRAVEEN_STREAMS\Desktop\jwelbix\venv\Lib\site-packages\django\core\cache\backends\__init__.py first seen with mtime 1654588099.3055844
File C:\Users\PRAVEEN_STREAMS\AppData\Local\Programs\Python\Python36\Lib\asyncio\sslproto.py first seen with mtime 1530047490.0
File C:\Users\PRAVEEN_STREAMS\AppData\Local\Programs\Python\Python36\Lib\fractions.py first seen with mtime 1530047490.0
File C:\Users\PRAVEEN_STREAMS\AppData\Local\Programs\Python\Python36\Lib\importlib\machinery.py first seen with mtime 1530047490.0
File C:\Users\PRAVEEN_STREAMS\AppData\Local\Programs\Python\Python36\Lib\hashlib.py first seen with mtime 1530047490.0
File C:\Users\PRAVEEN_STREAMS\Desktop\jwelbix\venv\Lib\site-packages\django\template\backends\base.py first seen with mtime 1654588099.603686
File C:\Users\PRAVEEN_STREAMS\Desktop\jwelbix\venv\Lib\site-packages\django\db\models\functions\window.py first seen with mtime 1654588099.4939015
File C:\Users\PRAVEEN_STREAMS\AppData\Local\Programs\Python\Python36\Lib\pickle.py first seen with mtime 1530047490.0
File C:\Users\PRAVEEN_STREAMS\Desktop\jwelbix\venv\Lib\site-packages\django\contrib\admindocs\views.py first seen with mtime 1654588096.581479
File C:\Users\PRAVEEN_STREAMS\Desktop\jwelbix\venv\Lib\site-packages\django\db\models\fields\related_descriptors.py first seen with mtime 1654588099.4939015
File C:\Users\PRAVEEN_STREAMS\AppData\Local\Programs\Python\Python36\Lib\io.py first seen with mtime 1530047490.0
File C:\Users\PRAVEEN_STREAMS\Desktop\jwelbix\venv\Lib\site-packages\django\forms\boundfield.py first seen with mtime 1654588099.5095327
File C:\Users\PRAVEEN_STREAMS\AppData\Local\Programs\Python\Python36\Lib\stat.py first seen with mtime 1530047490.0
File C:\Users\PRAVEEN_STREAMS\Desktop\jwelbix\venv\Lib\site-packages\django\utils\numberformat.py first seen with mtime 1654588099.6509652
File C:\Users\PRAVEEN_STREAMS\Desktop\jwelbix\venv\Lib\site-packages\sqlparse\sql.py first seen with mtime 1654588093.9691234
File C:\Users\PRAVEEN_STREAMS\Desktop\jwelbix\venv\Lib\site-packages\django\core\serializers\json.py first seen with mtime 1654588099.3841026
File C:\Users\PRAVEEN_STREAMS\AppData\Local\Programs\Python\Python36\Lib\email\message.py first seen with mtime 1530047490.0
File C:\Users\PRAVEEN_STREAMS\Desktop\jwelbix\venv\Lib\site-packages\django\db\migrations\operations\base.py first seen with mtime 1654588099.4626367
File C:\Users\PRAVEEN_STREAMS\Desktop\jwelbix\venv\Lib\site-packages\django\urls\resolvers.py first seen with mtime 1654588099.6349404
File C:\Users\PRAVEEN_STREAMS\Desktop\jwelbix\venv\Lib\site-packages\django\template\loaders\filesystem.py first seen with mtime 1654588099.603686
File C:\Users\PRAVEEN_STREAMS\AppData\Local\Programs\Python\Python36\Lib\genericpath.py first seen with mtime 1530047490.0
File C:\Users\PRAVEEN_STREAMS\Desktop\jwelbix\venv\Lib\site-packages\django\contrib\admin\templatetags\base.py first seen with mtime 1654588096.5658529
File C:\Users\PRAVEEN_STREAMS\Desktop\jwelbix\venv\Lib\site-packages\django\core\checks\templates.py first seen with mtime 1654588099.3212063
File C:\Users\PRAVEEN_STREAMS\Desktop\jwelbix\venv\Lib\site-packages\django\utils\formats.py first seen with mtime 1654588099.6509652
File C:\Users\PRAVEEN_STREAMS\Desktop\jwelbix\venv\Lib\site-packages\django\core\serializers\python.py first seen with mtime 1654588099.3841026
File C:\Users\PRAVEEN_STREAMS\Desktop\jwelbix\venv\Lib\site-packages\django\urls\base.py first seen with mtime 1654588099.619322
File C:\Users\PRAVEEN_STREAMS\Desktop\jwelbix\venv\Lib\site-packages\django\db\backends\base\creation.py first seen with mtime 1654588099.3997276
File C:\Users\PRAVEEN_STREAMS\Desktop\jwelbix\venv\Lib\site-packages\django\db\backends\signals.py first seen with mtime 1654588099.3997276
File C:\Users\PRAVEEN_STREAMS\Desktop\jwelbix\venv\Lib\site-packages\django\db\models\sql\subqueries.py first seen with mtime 1654588099.5095327
File C:\Users\PRAVEEN_STREAMS\Desktop\jwelbix\venv\Lib\site-packages\django\db\models\deletion.py first seen with mtime 1654588099.47828
File C:\Users\PRAVEEN_STREAMS\AppData\Local\Programs\Python\Python36\Lib\asyncio\base_futures.py first seen with mtime 1530047490.0
File C:\Users\PRAVEEN_STREAMS\Desktop\jwelbix\venv\Lib\site-packages\django\utils\encoding.py first seen with mtime 1654588099.6509652
File C:\Users\PRAVEEN_STREAMS\Desktop\jwelbix\venv\Lib\site-packages\sqlparse\engine\filter_stack.py first seen with mtime 1654588093.9771304
File C:\Users\PRAVEEN_STREAMS\Desktop\jwelbix\venv\Lib\site-packages\django\views\i18n.py first seen with mtime 1654588099.6665962
File C:\Users\PRAVEEN_STREAMS\AppData\Local\Programs\Python\Python36\Lib\heapq.py first seen with mtime 1530047490.0
File C:\Users\PRAVEEN_STREAMS\Desktop\jwelbix\venv\Lib\site-packages\django\core\checks\urls.py first seen with mtime 1654588099.3212063
File C:\Users\PRAVEEN_STREAMS\AppData\Local\Programs\Python\Python36\Lib\json\scanner.py first seen with mtime 1530047490.0
File C:\Users\PRAVEEN_STREAMS\Desktop\jwelbix\venv\Lib\site-packages\django\contrib\admin\views\main.py first seen with mtime 1654588096.5658529
File C:\Users\PRAVEEN_STREAMS\Desktop\jwelbix\venv\Lib\site-packages\django\contrib\admin\checks.py first seen with mtime 1654588095.8534405
File C:\Users\PRAVEEN_STREAMS\Desktop\jwelbix\venv\Lib\site-packages\django\db\migrations\utils.py first seen with mtime 1654588099.4626367
File C:\Users\PRAVEEN_STREAMS\AppData\Local\Programs\Python\Python36\Lib\unittest\__init__.py first seen with mtime 1530047490.0
File C:\Users\PRAVEEN_STREAMS\Desktop\jwelbix\venv\Lib\site-packages\django\urls\utils.py first seen with mtime 1654588099.6349404
File C:\Users\PRAVEEN_STREAMS\Desktop\jwelbix\venv\Lib\site-packages\django\db\models\fields\__init__.py first seen with mtime 1654588099.47828
File C:\Users\PRAVEEN_STREAMS\Desktop\jwelbix\venv\Lib\site-packages\django\db\models\expressions.py first seen with mtime 1654588099.47828
File C:\Users\PRAVEEN_STREAMS\AppData\Local\Programs\Python\Python36\Lib\asyncio\transports.py first seen with mtime 1530047490.0
File C:\Users\PRAVEEN_STREAMS\AppData\Local\Programs\Python\Python36\Lib\asyncio\proactor_events.py first seen with mtime 1530047490.0
File C:\Users\PRAVEEN_STREAMS\Desktop\jwelbix\venv\Lib\site-packages\django\db\migrations\operations\models.py first seen with mtime 1654588099.4626367
File C:\Users\PRAVEEN_STREAMS\Desktop\jwelbix\venv\Lib\site-packages\rest_framework\urlpatterns.py first seen with mtime 1654595200.4737356
File C:\Users\PRAVEEN_STREAMS\AppData\Local\Programs\Python\Python36\Lib\random.py first seen with mtime 1530047490.0
File C:\Users\PRAVEEN_STREAMS\Desktop\jwelbix\venv\Lib\site-packages\rest_framework\templatetags\rest_framework.py first seen with mtime 1654595200.772827
File C:\Users\PRAVEEN_STREAMS\Desktop\jwelbix\venv\Lib\site-packages\django\db\backends\sqlite3\base.py first seen with mtime 1654588099.430988
File C:\Users\PRAVEEN_STREAMS\Desktop\jwelbix\venv\Lib\site-packages\django\db\models\query_utils.py first seen with mtime 1654588099.47828
File C:\Users\PRAVEEN_STREAMS\Desktop\jwelbix\venv\Lib\site-packages\sqlparse\exceptions.py first seen with mtime 1654588093.9611292
File C:\Users\PRAVEEN_STREAMS\Desktop\jwelbix\venv\Lib\site-packages\django\utils\functional.py first seen with mtime 1654588099.6509652
File C:\Users\PRAVEEN_STREAMS\Desktop\jwelbix\venv\Lib\site-packages\django\utils\lorem_ipsum.py first seen with mtime 1654588099.6509652
File C:\Users\PRAVEEN_STREAMS\Desktop\jwelbix\venv\Lib\site-packages\django\core\validators.py first seen with mtime 1654588099.3055844
File C:\Users\PRAVEEN_STREAMS\Desktop\jwelbix\venv\Lib\site-packages\django\urls\__init__.py first seen with mtime 1654588099.619322
File C:\Users\PRAVEEN_STREAMS\AppData\Local\Programs\Python\Python36\Lib\ssl.py first seen with mtime 1530047490.0
File C:\Users\PRAVEEN_STREAMS\Desktop\jwelbix\venv\Lib\site-packages\django\db\models\query.py first seen with mtime 1654588099.47828
File C:\Users\PRAVEEN_STREAMS\AppData\Local\Programs\Python\Python36\Lib\xml\dom\minicompat.py first seen with mtime 1530047490.0
File C:\Users\PRAVEEN_STREAMS\AppData\Local\Programs\Python\Python36\DLLs\_asyncio.pyd first seen with mtime 1530050870.0
File C:\Users\PRAVEEN_STREAMS\Desktop\jwelbix\venv\Lib\site-packages\django\urls\exceptions.py first seen with mtime 1654588099.619322
File C:\Users\PRAVEEN_STREAMS\AppData\Local\Programs\Python\Python36\DLLs\_ssl.pyd first seen with mtime 1530051018.0
File C:\Users\PRAVEEN_STREAMS\AppData\Local\Programs\Python\Python36\Lib\concurrent\futures\__init__.py first seen with mtime 1530047490.0
File C:\Users\PRAVEEN_STREAMS\Desktop\jwelbix\venv\Lib\site-packages\django\db\models\constraints.py first seen with mtime 1654588099.47828
File C:\Users\PRAVEEN_STREAMS\AppData\Local\Programs\Python\Python36\Lib\asyncio\compat.py first seen with mtime 1530047490.0
File C:\Users\PRAVEEN_STREAMS\AppData\Local\Programs\Python\Python36\Lib\ctypes\util.py first seen with mtime 1530047490.0
File C:\Users\PRAVEEN_STREAMS\Desktop\jwelbix\venv\Lib\site-packages\django\db\models\fields\related_lookups.py first seen with mtime 1654588099.4939015
File C:\Users\PRAVEEN_STREAMS\AppData\Local\Programs\Python\Python36\Lib\json\decoder.py first seen with mtime 1530047490.0
File C:\Users\PRAVEEN_STREAMS\Desktop\jwelbix\venv\Lib\site-packages\sqlparse\engine\grouping.py first seen with mtime 1654588093.9771304
File C:\Users\PRAVEEN_STREAMS\Desktop\jwelbix\venv\Lib\site-packages\django\views\csrf.py first seen with mtime 1654588099.6665962
File C:\Users\PRAVEEN_STREAMS\Desktop\jwelbix\venv\Lib\site-packages\django\db\models\fields\related.py first seen with mtime 1654588099.4939015
File C:\Users\PRAVEEN_STREAMS\AppData\Local\Programs\Python\Python36\Lib\concurrent\futures\thread.py first seen with mtime 1530047490.0
File C:\Users\PRAVEEN_STREAMS\AppData\Local\Programs\Python\Python36\Lib\decimal.py first seen with mtime 1530047490.0
File C:\Users\PRAVEEN_STREAMS\Desktop\jwelbix\venv\Lib\site-packages\rest_framework\validators.py first seen with mtime 1654595200.4757376
File C:\Users\PRAVEEN_STREAMS\Desktop\jwelbix\venv\Lib\site-packages\django\core\files\move.py first seen with mtime 1654588099.3212063
File C:\Users\PRAVEEN_STREAMS\Desktop\jwelbix\venv\Lib\site-packages\django\contrib\contenttypes\forms.py first seen with mtime 1654588097.1304784
File C:\Users\PRAVEEN_STREAMS\Desktop\jwelbix\venv\Lib\site-packages\django\utils\datastructures.py first seen with mtime 1654588099.6349404
File C:\Users\PRAVEEN_STREAMS\AppData\Local\Programs\Python\Python36\Lib\typing.py first seen with mtime 1530047490.0
File C:\Users\PRAVEEN_STREAMS\Desktop\jwelbix\manage.py first seen with mtime 1654598067.3891559
File C:\Users\PRAVEEN_STREAMS\Desktop\jwelbix\venv\Lib\site-packages\django\views\decorators\cache.py first seen with mtime 1654588099.6822236
File C:\Users\PRAVEEN_STREAMS\AppData\Local\Programs\Python\Python36\Lib\types.py first seen with mtime 1530047490.0
File C:\Users\PRAVEEN_STREAMS\AppData\Local\Programs\Python\Python36\Lib\uuid.py first seen with mtime 1530047490.0
File C:\Users\PRAVEEN_STREAMS\AppData\Local\Programs\Python\Python36\Lib\hmac.py first seen with mtime 1530047490.0
File C:\Users\PRAVEEN_STREAMS\Desktop\jwelbix\venv\Lib\site-packages\django\core\handlers\wsgi.py first seen with mtime 1654588099.3368292
File C:\Users\PRAVEEN_STREAMS\AppData\Local\Programs\Python\Python36\Lib\ntpath.py first seen with mtime 1530047490.0
File C:\Users\PRAVEEN_STREAMS\Desktop\jwelbix\venv\Lib\site-packages\rest_framework\schemas\coreapi.py first seen with mtime 1654595200.6211193
File C:\Users\PRAVEEN_STREAMS\AppData\Local\Programs\Python\Python36\Lib\unittest\main.py first seen with mtime 1530047490.0
File C:\Users\PRAVEEN_STREAMS\AppData\Local\Programs\Python\Python36\Lib\http\cookies.py first seen with mtime 1530047490.0
File C:\Users\PRAVEEN_STREAMS\Desktop\jwelbix\venv\Lib\site-packages\asgiref\local.py first seen with mtime 1654588095.021576
File C:\Users\PRAVEEN_STREAMS\Desktop\jwelbix\venv\Lib\site-packages\django\contrib\contenttypes\checks.py first seen with mtime 1654588097.1304784
File C:\Users\PRAVEEN_STREAMS\Desktop\jwelbix\venv\Lib\site-packages\rest_framework\templatetags\__init__.py first seen with mtime 1654595200.771816
File C:\Users\PRAVEEN_STREAMS\Desktop\jwelbix\venv\Lib\site-packages\django\core\servers\basehttp.py first seen with mtime 1654588099.3841026
File C:\Users\PRAVEEN_STREAMS\AppData\Local\Programs\Python\Python36\Lib\pathlib.py first seen with mtime 1530047490.0
File C:\Users\PRAVEEN_STREAMS\AppData\Local\Programs\Python\Python36\Lib\fnmatch.py first seen with mtime 1530047490.0
File C:\Users\PRAVEEN_STREAMS\Desktop\jwelbix\venv\Lib\site-packages\django\utils\dates.py first seen with mtime 1654588099.6349404
File C:\Users\PRAVEEN_STREAMS\AppData\Local\Programs\Python\Python36\Lib\functools.py first seen with mtime 1530047490.0
File C:\Users\PRAVEEN_STREAMS\Desktop\jwelbix\venv\Lib\site-packages\pytz\lazy.py first seen with mtime 1654588094.2999067
File C:\Users\PRAVEEN_STREAMS\Desktop\jwelbix\venv\Lib\site-packages\django\contrib\sessions\backends\base.py first seen with mtime 1654588098.7461097
File C:\Users\PRAVEEN_STREAMS\Desktop\jwelbix\venv\Lib\site-packages\django\apps\__init__.py first seen with mtime 1654588095.1942842
File C:\Users\PRAVEEN_STREAMS\AppData\Local\Programs\Python\Python36\Lib\argparse.py first seen with mtime 1530047490.0
File C:\Users\PRAVEEN_STREAMS\AppData\Local\Programs\Python\Python36\Lib\email\contentmanager.py first seen with mtime 1530047490.0
File C:\Users\PRAVEEN_STREAMS\Desktop\jwelbix\apps\__init__.py first seen with mtime 1654595253.5760312
File C:\Users\PRAVEEN_STREAMS\AppData\Local\Programs\Python\Python36\Lib\sre_compile.py first seen with mtime 1530047490.0
File C:\Users\PRAVEEN_STREAMS\AppData\Local\Programs\Python\Python36\Lib\_bootlocale.py first seen with mtime 1530047490.0
File C:\Users\PRAVEEN_STREAMS\Desktop\jwelbix\venv\Lib\site-packages\django\utils\hashable.py first seen with mtime 1654588099.6509652
File C:\Users\PRAVEEN_STREAMS\Desktop\jwelbix\venv\Lib\site-packages\django\core\__init__.py first seen with mtime 1654588099.289966
File C:\Users\PRAVEEN_STREAMS\Desktop\jwelbix\venv\Lib\site-packages\django\core\checks\security\__init__.py first seen with mtime 1654588099.3212063
File C:\Users\PRAVEEN_STREAMS\Desktop\jwelbix\venv\Lib\site-packages\rest_framework\utils\model_meta.py first seen with mtime 1654595200.7848215
File C:\Users\PRAVEEN_STREAMS\AppData\Local\Programs\Python\Python36\Lib\asyncio\queues.py first seen with mtime 1530047490.0
File C:\Users\PRAVEEN_STREAMS\Desktop\jwelbix\venv\Lib\site-packages\django\db\models\constants.py first seen with mtime 1654588099.47828
File C:\Users\PRAVEEN_STREAMS\AppData\Local\Programs\Python\Python36\Lib\xml\dom\xmlbuilder.py first seen with mtime 1530047490.0
File C:\Users\PRAVEEN_STREAMS\Desktop\jwelbix\jwelB\__init__.py first seen with mtime 1654598067.3891559
File C:\Users\PRAVEEN_STREAMS\AppData\Local\Programs\Python\Python36\Lib\encodings\utf_8.py first seen with mtime 1530047490.0
File C:\Users\PRAVEEN_STREAMS\AppData\Local\Programs\Python\Python36\Lib\multiprocessing\__init__.py first seen with mtime 1530047490.0
File C:\Users\PRAVEEN_STREAMS\Desktop\jwelbix\venv\Lib\site-packages\rest_framework\metadata.py first seen with mtime 1654595200.4427302
File C:\Users\PRAVEEN_STREAMS\Desktop\jwelbix\venv\Lib\site-packages\rest_framework\relations.py first seen with mtime 1654595200.4527342
File C:\Users\PRAVEEN_STREAMS\Desktop\jwelbix\venv\Lib\site-packages\django\core\management\__init__.py first seen with mtime 1654588099.3528445
File C:\Users\PRAVEEN_STREAMS\Desktop\jwelbix\venv\Lib\site-packages\django\core\files\__init__.py first seen with mtime 1654588099.3212063
File C:\Users\PRAVEEN_STREAMS\Desktop\jwelbix\venv\Lib\site-packages\django\contrib\contenttypes\models.py first seen with mtime 1654588097.1304784
File C:\Users\PRAVEEN_STREAMS\Desktop\jwelbix\venv\Lib\site-packages\django\core\signing.py first seen with mtime 1654588099.3055844
File C:\Users\PRAVEEN_STREAMS\Desktop\jwelbix\venv\Lib\site-packages\django\db\models\enums.py first seen with mtime 1654588099.47828
File C:\Users\PRAVEEN_STREAMS\Desktop\jwelbix\venv\Lib\site-packages\rest_framework\utils\__init__.py first seen with mtime 1654595200.7748182
File C:\Users\PRAVEEN_STREAMS\Desktop\jwelbix\venv\Lib\site-packages\rest_framework\utils\humanize_datetime.py first seen with mtime 1654595200.78182
File C:\Users\PRAVEEN_STREAMS\Desktop\jwelbix\venv\Lib\site-packages\django\core\files\uploadhandler.py first seen with mtime 1654588099.3368292
File C:\Users\PRAVEEN_STREAMS\AppData\Local\Programs\Python\Python36\DLLs\_ctypes.pyd first seen with mtime 1530050872.0
File C:\Users\PRAVEEN_STREAMS\Desktop\jwelbix\venv\Lib\site-packages\django\template\utils.py first seen with mtime 1654588099.603686
File C:\Users\PRAVEEN_STREAMS\AppData\Local\Programs\Python\Python36\Lib\abc.py first seen with mtime 1530047490.0
File C:\Users\PRAVEEN_STREAMS\AppData\Local\Programs\Python\Python36\Lib\mimetypes.py first seen with mtime 1530047490.0
File C:\Users\PRAVEEN_STREAMS\AppData\Local\Programs\Python\Python36\Lib\string.py first seen with mtime 1530047490.0
File C:\Users\PRAVEEN_STREAMS\Desktop\jwelbix\venv\Lib\site-packages\django\contrib\admin\templatetags\admin_list.py first seen with mtime 1654588096.5658529
File C:\Users\PRAVEEN_STREAMS\AppData\Local\Programs\Python\Python36\Lib\uu.py first seen with mtime 1530047490.0
File C:\Users\PRAVEEN_STREAMS\AppData\Local\Programs\Python\Python36\Lib\email\headerregistry.py first seen with mtime 1530047490.0
File C:\Users\PRAVEEN_STREAMS\AppData\Local\Programs\Python\Python36\Lib\encodings\__init__.py first seen with mtime 1530047490.0
File C:\Users\PRAVEEN_STREAMS\AppData\Local\Programs\Python\Python36\Lib\token.py first seen with mtime 1530047490.0
File C:\Users\PRAVEEN_STREAMS\Desktop\jwelbix\venv\Lib\site-packages\django\forms\fields.py first seen with mtime 1654588099.5095327
File C:\Users\PRAVEEN_STREAMS\Desktop\jwelbix\venv\Lib\site-packages\django\contrib\contenttypes\__init__.py first seen with mtime 1654588097.1304784
File C:\Users\PRAVEEN_STREAMS\Desktop\jwelbix\venv\Lib\site-packages\sqlparse\filters\tokens.py first seen with mtime 1654588093.9851236
File C:\Users\PRAVEEN_STREAMS\AppData\Local\Programs\Python\Python36\Lib\xml\dom\__init__.py first seen with mtime 1530047490.0
File C:\Users\PRAVEEN_STREAMS\Desktop\jwelbix\venv\Lib\site-packages\django\db\models\functions\math.py first seen with mtime 1654588099.4939015
File C:\Users\PRAVEEN_STREAMS\Desktop\jwelbix\venv\Lib\site-packages\typing_extensions.py first seen with mtime 1654588093.8974783
File C:\Users\PRAVEEN_STREAMS\AppData\Local\Programs\Python\Python36\Lib\ast.py first seen with mtime 1530047490.0
File C:\Users\PRAVEEN_STREAMS\Desktop\jwelbix\venv\Lib\site-packages\django\apps\registry.py first seen with mtime 1654588095.1942842
File C:\Users\PRAVEEN_STREAMS\Desktop\jwelbix\venv\Lib\site-packages\django\contrib\admin\options.py first seen with mtime 1654588095.8690767
File C:\Users\PRAVEEN_STREAMS\Desktop\jwelbix\venv\Lib\site-packages\django\contrib\messages\__init__.py first seen with mtime 1654588098.285818
File C:\Users\PRAVEEN_STREAMS\Desktop\jwelbix\venv\Lib\site-packages\django\utils\deprecation.py first seen with mtime 1654588099.6479568
File C:\Users\PRAVEEN_STREAMS\AppData\Local\Programs\Python\Python36\Lib\importlib\abc.py first seen with mtime 1530047490.0
File C:\Users\PRAVEEN_STREAMS\Desktop\jwelbix\venv\Lib\site-packages\rest_framework\utils\urls.py first seen with mtime 1654595200.7898202
File C:\Users\PRAVEEN_STREAMS\AppData\Local\Programs\Python\Python36\Lib\signal.py first seen with mtime 1530047490.0
File C:\Users\PRAVEEN_STREAMS\Desktop\jwelbix\venv\Lib\site-packages\django\db\migrations\state.py first seen with mtime 1654588099.4626367
File C:\Users\PRAVEEN_STREAMS\Desktop\jwelbix\venv\Lib\site-packages\django\template\backends\django.py first seen with mtime 1654588099.603686
File C:\Users\PRAVEEN_STREAMS\Desktop\jwelbix\venv\Lib\site-packages\django\utils\termcolors.py first seen with mtime 1654588099.6509652
File C:\Users\PRAVEEN_STREAMS\Desktop\jwelbix\venv\Lib\site-packages\django\core\files\base.py first seen with mtime 1654588099.3212063
File C:\Users\PRAVEEN_STREAMS\Desktop\jwelbix\venv\Lib\site-packages\django\middleware\security.py first seen with mtime 1654588099.5880692
File C:\Users\PRAVEEN_STREAMS\AppData\Local\Programs\Python\Python36\Lib\getpass.py first seen with mtime 1530047490.0
File C:\Users\PRAVEEN_STREAMS\AppData\Local\Programs\Python\Python36\Lib\bisect.py first seen with mtime 1530047490.0
File C:\Users\PRAVEEN_STREAMS\Desktop\jwelbix\venv\Lib\site-packages\rest_framework\schemas\utils.py first seen with mtime 1654595200.6261194
File C:\Users\PRAVEEN_STREAMS\AppData\Local\Programs\Python\Python36\Lib\xml\dom\minidom.py first seen with mtime 1530047490.0
File C:\Users\PRAVEEN_STREAMS\Desktop\jwelbix\venv\Lib\site-packages\django\__init__.py first seen with mtime 1654588095.1942842
File C:\Users\PRAVEEN_STREAMS\AppData\Local\Programs\Python\Python36\Lib\email\_encoded_words.py first seen with mtime 1530047490.0
File C:\Users\PRAVEEN_STREAMS\Desktop\jwelbix\venv\Lib\site-packages\django\db\models\functions\mixins.py first seen with mtime 1654588099.4939015
File C:\Users\PRAVEEN_STREAMS\Desktop\jwelbix\venv\Lib\site-packages\django\contrib\admin\templatetags\admin_urls.py first seen with mtime 1654588096.5658529
File C:\Users\PRAVEEN_STREAMS\Desktop\jwelbix\venv\Lib\site-packages\django\contrib\contenttypes\views.py first seen with mtime 1654588097.1304784
File C:\Users\PRAVEEN_STREAMS\Desktop\jwelbix\venv\Lib\site-packages\django\views\generic\dates.py first seen with mtime 1654588099.6822236
File C:\Users\PRAVEEN_STREAMS\AppData\Local\Programs\Python\Python36\Lib\socket.py first seen with mtime 1530047490.0
File C:\Users\PRAVEEN_STREAMS\Desktop\jwelbix\venv\Lib\site-packages\django\contrib\admin\decorators.py first seen with mtime 1654588095.8534405
File C:\Users\PRAVEEN_STREAMS\Desktop\jwelbix\venv\Lib\site-packages\django\db\models\signals.py first seen with mtime 1654588099.47828
File C:\Users\PRAVEEN_STREAMS\AppData\Local\Programs\Python\Python36\Lib\http\server.py first seen with mtime 1530047490.0
File C:\Users\PRAVEEN_STREAMS\Desktop\jwelbix\venv\Lib\site-packages\django\db\utils.py first seen with mtime 1654588099.3841026
File C:\Users\PRAVEEN_STREAMS\Desktop\jwelbix\venv\Lib\site-packages\sqlparse\filters\output.py first seen with mtime 1654588093.9771304
File C:\Users\PRAVEEN_STREAMS\AppData\Local\Programs\Python\Python36\Lib\nturl2path.py first seen with mtime 1530047490.0
File C:\Users\PRAVEEN_STREAMS\Desktop\jwelbix\venv\Lib\site-packages\sqlparse\filters\others.py first seen with mtime 1654588093.9771304
File C:\Users\PRAVEEN_STREAMS\Desktop\jwelbix\venv\Lib\site-packages\sqlparse\keywords.py first seen with mtime 1654588093.9691234
File C:\Users\PRAVEEN_STREAMS\Desktop\jwelbix\venv\Lib\site-packages\django\utils\translation\__init__.py first seen with mtime 1654588099.6665962
File C:\Users\PRAVEEN_STREAMS\Desktop\jwelbix\venv\Lib\site-packages\django\contrib\admin\views\decorators.py first seen with mtime 1654588096.5658529
File C:\Users\PRAVEEN_STREAMS\AppData\Local\Programs\Python\Python36\Lib\base64.py first seen with mtime 1530047490.0
File C:\Users\PRAVEEN_STREAMS\Desktop\jwelbix\venv\Lib\site-packages\django\db\models\__init__.py first seen with mtime 1654588099.4626367
File C:\Users\PRAVEEN_STREAMS\Desktop\jwelbix\venv\Lib\site-packages\django\utils\translation\trans_real.py first seen with mtime 1654588099.6665962
File C:\Users\PRAVEEN_STREAMS\AppData\Local\Programs\Python\Python36\Lib\linecache.py first seen with mtime 1530047490.0
File C:\Users\PRAVEEN_STREAMS\Desktop\jwelbix\venv\Lib\site-packages\pytz\__init__.py first seen with mtime 1654588094.2999067
File C:\Users\PRAVEEN_STREAMS\Desktop\jwelbix\venv\Lib\site-packages\django\utils\crypto.py first seen with mtime 1654588099.6349404
File C:\Users\PRAVEEN_STREAMS\Desktop\jwelbix\venv\Lib\site-packages\rest_framework\decorators.py first seen with mtime 1654595200.429729
File C:\Users\PRAVEEN_STREAMS\Desktop\jwelbix\venv\Lib\site-packages\_virtualenv.py first seen with mtime 1654587958.6904202
File C:\Users\PRAVEEN_STREAMS\Desktop\jwelbix\venv\Lib\site-packages\django\contrib\admin\actions.py first seen with mtime 1654588095.8534405
File C:\Users\PRAVEEN_STREAMS\Desktop\jwelbix\venv\Lib\site-packages\django\core\files\images.py first seen with mtime 1654588099.3212063
File C:\Users\PRAVEEN_STREAMS\AppData\Local\Programs\Python\Python36\Lib\email\_policybase.py first seen with mtime 1530047490.0
File C:\Users\PRAVEEN_STREAMS\Desktop\jwelbix\venv\Lib\site-packages\django\contrib\staticfiles\utils.py first seen with mtime 1654588099.289966
File C:\Users\PRAVEEN_STREAMS\AppData\Local\Programs\Python\Python36\Lib\email\__init__.py first seen with mtime 1530047490.0
File C:\Users\PRAVEEN_STREAMS\Desktop\jwelbix\venv\Lib\site-packages\rest_framework\parsers.py first seen with mtime 1654595200.4497313
File C:\Users\PRAVEEN_STREAMS\Desktop\jwelbix\venv\Lib\site-packages\django\contrib\admin\__init__.py first seen with mtime 1654588095.8534405
File C:\Users\PRAVEEN_STREAMS\Desktop\jwelbix\venv\Lib\site-packages\django\template\loaders\base.py first seen with mtime 1654588099.603686
File C:\Users\PRAVEEN_STREAMS\Desktop\jwelbix\venv\Lib\site-packages\django\apps\config.py first seen with mtime 1654588095.1942842
File C:\Users\PRAVEEN_STREAMS\Desktop\jwelbix\venv\Lib\site-packages\django\db\transaction.py first seen with mtime 1654588099.3841026
File C:\Users\PRAVEEN_STREAMS\Desktop\jwelbix\venv\Lib\site-packages\django\db\backends\sqlite3\schema.py first seen with mtime 1654588099.44762
File C:\Users\PRAVEEN_STREAMS\AppData\Local\Programs\Python\Python36\Lib\email\errors.py first seen with mtime 1530047490.0
File C:\Users\PRAVEEN_STREAMS\AppData\Local\Programs\Python\Python36\Lib\wsgiref\handlers.py first seen with mtime 1530047490.0
File C:\Users\PRAVEEN_STREAMS\AppData\Local\Programs\Python\Python36\Lib\http\client.py first seen with mtime 1530047490.0
File C:\Users\PRAVEEN_STREAMS\Desktop\jwelbix\venv\Lib\site-packages\django\db\backends\ddl_references.py first seen with mtime 1654588099.3841026
File C:\Users\PRAVEEN_STREAMS\Desktop\jwelbix\venv\Lib\site-packages\django\template\context.py first seen with mtime 1654588099.5880692
File C:\Users\PRAVEEN_STREAMS\Desktop\jwelbix\venv\Lib\site-packages\rest_framework\views.py first seen with mtime 1654595200.478738
File C:\Users\PRAVEEN_STREAMS\Desktop\jwelbix\venv\Lib\site-packages\django\middleware\__init__.py first seen with mtime 1654588099.572444
File C:\Users\PRAVEEN_STREAMS\Desktop\jwelbix\venv\Lib\site-packages\django\utils\timesince.py first seen with mtime 1654588099.6509652
File C:\Users\PRAVEEN_STREAMS\Desktop\jwelbix\venv\Lib\site-packages\django\templatetags\__init__.py first seen with mtime 1654588099.603686
File C:\Users\PRAVEEN_STREAMS\AppData\Local\Programs\Python\Python36\Lib\email\utils.py first seen with mtime 1530047490.0
File C:\Users\PRAVEEN_STREAMS\Desktop\jwelbix\venv\Lib\site-packages\django\db\backends\base\__init__.py first seen with mtime 1654588099.3997276
File C:\Users\PRAVEEN_STREAMS\Desktop\jwelbix\venv\Lib\site-packages\django\template\library.py first seen with mtime 1654588099.5880692
File C:\Users\PRAVEEN_STREAMS\Desktop\jwelbix\venv\Lib\site-packages\django\db\backends\sqlite3\__init__.py first seen with mtime 1654588099.430988
File C:\Users\PRAVEEN_STREAMS\Desktop\jwelbix\venv\Lib\site-packages\django\db\models\functions\__init__.py first seen with mtime 1654588099.4939015
File C:\Users\PRAVEEN_STREAMS\Desktop\jwelbix\venv\Lib\site-packages\django\template\autoreload.py first seen with mtime 1654588099.5880692
File C:\Users\PRAVEEN_STREAMS\Desktop\jwelbix\venv\Lib\site-packages\sqlparse\filters\aligned_indent.py first seen with mtime 1654588093.9771304
File C:\Users\PRAVEEN_STREAMS\AppData\Local\Programs\Python\Python36\Lib\ipaddress.py first seen with mtime 1530047490.0
File C:\Users\PRAVEEN_STREAMS\Desktop\jwelbix\venv\Lib\site-packages\django\contrib\staticfiles\apps.py first seen with mtime 1654588099.274324
File C:\Users\PRAVEEN_STREAMS\Desktop\jwelbix\venv\Lib\site-packages\django\db\models\manager.py first seen with mtime 1654588099.47828
File C:\Users\PRAVEEN_STREAMS\Desktop\jwelbix\venv\Lib\site-packages\django\contrib\messages\constants.py first seen with mtime 1654588098.285818
File C:\Users\PRAVEEN_STREAMS\Desktop\jwelbix\venv\Lib\site-packages\django\test\client.py first seen with mtime 1654588099.619322
File C:\Users\PRAVEEN_STREAMS\Desktop\jwelbix\venv\Lib\site-packages\django\utils\baseconv.py first seen with mtime 1654588099.6349404
File C:\Users\PRAVEEN_STREAMS\Desktop\jwelbix\venv\Lib\site-packages\django\db\backends\base\schema.py first seen with mtime 1654588099.3997276
File C:\Users\PRAVEEN_STREAMS\Desktop\jwelbix\venv\Lib\site-packages\django\views\debug.py first seen with mtime 1654588099.6665962
File C:\Users\PRAVEEN_STREAMS\Desktop\jwelbix\venv\Lib\site-packages\django\templatetags\l10n.py first seen with mtime 1654588099.619322
File C:\Users\PRAVEEN_STREAMS\Desktop\jwelbix\venv\Lib\site-packages\django\db\models\lookups.py first seen with mtime 1654588099.47828
File C:\Users\PRAVEEN_STREAMS\Desktop\jwelbix\venv\Lib\site-packages\django\contrib\auth\base_user.py first seen with mtime 1654588096.8427994
File C:\Users\PRAVEEN_STREAMS\Desktop\jwelbix\venv\Lib\site-packages\django\db\models\functions\datetime.py first seen with mtime 1654588099.4939015
File C:\Users\PRAVEEN_STREAMS\Desktop\jwelbix\jwelB\settings.py first seen with mtime 1655223559.0825706
File C:\Users\PRAVEEN_STREAMS\AppData\Local\Programs\Python\Python36\Lib\multiprocessing\connection.py first seen with mtime 1530047490.0
File C:\Users\PRAVEEN_STREAMS\AppData\Local\Programs\Python\Python36\DLLs\unicodedata.pyd first seen with mtime 1530050882.0
File C:\Users\PRAVEEN_STREAMS\AppData\Local\Programs\Python\Python36\Lib\html\__init__.py first seen with mtime 1530047490.0
File C:\Users\PRAVEEN_STREAMS\Desktop\jwelbix\venv\lib\site-packages\rest_framework\templates\rest_framework first seen with mtime 1654595200.7547615
File C:\Users\PRAVEEN_STREAMS\Desktop\jwelbix\venv\lib\site-packages\rest_framework\templates\rest_framework\admin first seen with mtime 1654595200.6976516
File C:\Users\PRAVEEN_STREAMS\Desktop\jwelbix\venv\lib\site-packages\rest_framework\templates\rest_framework\admin.html first seen with mtime 1654595200.6846344
File C:\Users\PRAVEEN_STREAMS\Desktop\jwelbix\venv\lib\site-packages\rest_framework\templates\rest_framework\api.html first seen with mtime 1654595200.6856391
File C:\Users\PRAVEEN_STREAMS\Desktop\jwelbix\venv\lib\site-packages\rest_framework\templates\rest_framework\base.html first seen with mtime 1654595200.6866395
File C:\Users\PRAVEEN_STREAMS\Desktop\jwelbix\venv\lib\site-packages\rest_framework\templates\rest_framework\docs first seen with mtime 1654595200.7111523
File C:\Users\PRAVEEN_STREAMS\Desktop\jwelbix\venv\lib\site-packages\rest_framework\templates\rest_framework\filters first seen with mtime 1654595200.7215323
File C:\Users\PRAVEEN_STREAMS\Desktop\jwelbix\venv\lib\site-packages\rest_framework\templates\rest_framework\horizontal first seen with mtime 1654595200.736767
File C:\Users\PRAVEEN_STREAMS\Desktop\jwelbix\venv\lib\site-packages\rest_framework\templates\rest_framework\inline first seen with mtime 1654595200.7507703
File C:\Users\PRAVEEN_STREAMS\Desktop\jwelbix\venv\lib\site-packages\rest_framework\templates\rest_framework\login.html first seen with mtime 1654595200.6876495
File C:\Users\PRAVEEN_STREAMS\Desktop\jwelbix\venv\lib\site-packages\rest_framework\templates\rest_framework\login_base.html first seen with mtime 1654595200.68865
File C:\Users\PRAVEEN_STREAMS\Desktop\jwelbix\venv\lib\site-packages\rest_framework\templates\rest_framework\pagination first seen with mtime 1654595200.75376
File C:\Users\PRAVEEN_STREAMS\Desktop\jwelbix\venv\lib\site-packages\rest_framework\templates\rest_framework\raw_data_form.html first seen with mtime 1654595200.6896396
File C:\Users\PRAVEEN_STREAMS\Desktop\jwelbix\venv\lib\site-packages\rest_framework\templates\rest_framework\schema.js first seen with mtime 1654595200.6906419
File C:\Users\PRAVEEN_STREAMS\Desktop\jwelbix\venv\lib\site-packages\rest_framework\templates\rest_framework\vertical first seen with mtime 1654595200.769819
File C:\Users\PRAVEEN_STREAMS\Desktop\jwelbix\venv\lib\site-packages\rest_framework\templates\rest_framework\admin\detail.html first seen with mtime 1654595200.692641
File C:\Users\PRAVEEN_STREAMS\Desktop\jwelbix\venv\lib\site-packages\rest_framework\templates\rest_framework\admin\dict_value.html first seen with mtime 1654595200.6936517
File C:\Users\PRAVEEN_STREAMS\Desktop\jwelbix\venv\lib\site-packages\rest_framework\templates\rest_framework\admin\list.html first seen with mtime 1654595200.6956525
File C:\Users\PRAVEEN_STREAMS\Desktop\jwelbix\venv\lib\site-packages\rest_framework\templates\rest_framework\admin\list_value.html first seen with mtime 1654595200.6966517
File C:\Users\PRAVEEN_STREAMS\Desktop\jwelbix\venv\lib\site-packages\rest_framework\templates\rest_framework\admin\simple_list_value.html first seen with mtime 1654595200.6976516
File C:\Users\PRAVEEN_STREAMS\Desktop\jwelbix\venv\lib\site-packages\rest_framework\templates\rest_framework\docs\auth first seen with mtime 1654595200.7101507
File C:\Users\PRAVEEN_STREAMS\Desktop\jwelbix\venv\lib\site-packages\rest_framework\templates\rest_framework\docs\document.html first seen with mtime 1654595200.6996508
File C:\Users\PRAVEEN_STREAMS\Desktop\jwelbix\venv\lib\site-packages\rest_framework\templates\rest_framework\docs\error.html first seen with mtime 1654595200.7006414
File C:\Users\PRAVEEN_STREAMS\Desktop\jwelbix\venv\lib\site-packages\rest_framework\templates\rest_framework\docs\index.html first seen with mtime 1654595200.7016525
File C:\Users\PRAVEEN_STREAMS\Desktop\jwelbix\venv\lib\site-packages\rest_framework\templates\rest_framework\docs\interact.html first seen with mtime 1654595200.7041447
File C:\Users\PRAVEEN_STREAMS\Desktop\jwelbix\venv\lib\site-packages\rest_framework\templates\rest_framework\docs\langs first seen with mtime 1654595200.7189727
File C:\Users\PRAVEEN_STREAMS\Desktop\jwelbix\venv\lib\site-packages\rest_framework\templates\rest_framework\docs\link.html first seen with mtime 1654595200.7051516
File C:\Users\PRAVEEN_STREAMS\Desktop\jwelbix\venv\lib\site-packages\rest_framework\templates\rest_framework\docs\sidebar.html first seen with mtime 1654595200.7061512
File C:\Users\PRAVEEN_STREAMS\Desktop\jwelbix\venv\lib\site-packages\rest_framework\templates\rest_framework\docs\auth\basic.html first seen with mtime 1654595200.7081504
File C:\Users\PRAVEEN_STREAMS\Desktop\jwelbix\venv\lib\site-packages\rest_framework\templates\rest_framework\docs\auth\session.html first seen with mtime 1654595200.7101507
File C:\Users\PRAVEEN_STREAMS\Desktop\jwelbix\venv\lib\site-packages\rest_framework\templates\rest_framework\docs\auth\token.html first seen with mtime 1654595200.7111523
File C:\Users\PRAVEEN_STREAMS\Desktop\jwelbix\venv\lib\site-packages\rest_framework\templates\rest_framework\docs\langs\javascript-intro.html first seen with mtime 1654595200.7121615
File C:\Users\PRAVEEN_STREAMS\Desktop\jwelbix\venv\lib\site-packages\rest_framework\templates\rest_framework\docs\langs\javascript.html first seen with mtime 1654595200.7131622
File C:\Users\PRAVEEN_STREAMS\Desktop\jwelbix\venv\lib\site-packages\rest_framework\templates\rest_framework\docs\langs\python-intro.html first seen with mtime 1654595200.715197
File C:\Users\PRAVEEN_STREAMS\Desktop\jwelbix\venv\lib\site-packages\rest_framework\templates\rest_framework\docs\langs\python.html first seen with mtime 1654595200.7169664
File C:\Users\PRAVEEN_STREAMS\Desktop\jwelbix\venv\lib\site-packages\rest_framework\templates\rest_framework\docs\langs\shell-intro.html first seen with mtime 1654595200.7179823
File C:\Users\PRAVEEN_STREAMS\Desktop\jwelbix\venv\lib\site-packages\rest_framework\templates\rest_framework\docs\langs\shell.html first seen with mtime 1654595200.7189727
File C:\Users\PRAVEEN_STREAMS\Desktop\jwelbix\venv\lib\site-packages\rest_framework\templates\rest_framework\filters\base.html first seen with mtime 1654595200.7205265
File C:\Users\PRAVEEN_STREAMS\Desktop\jwelbix\venv\lib\site-packages\rest_framework\templates\rest_framework\filters\ordering.html first seen with mtime 1654595200.7215323
File C:\Users\PRAVEEN_STREAMS\Desktop\jwelbix\venv\lib\site-packages\rest_framework\templates\rest_framework\filters\search.html first seen with mtime 1654595200.7225316
File C:\Users\PRAVEEN_STREAMS\Desktop\jwelbix\venv\lib\site-packages\rest_framework\templates\rest_framework\horizontal\checkbox.html first seen with mtime 1654595200.7235434
File C:\Users\PRAVEEN_STREAMS\Desktop\jwelbix\venv\lib\site-packages\rest_framework\templates\rest_framework\horizontal\checkbox_multiple.html first seen with mtime 1654595200.725531
File C:\Users\PRAVEEN_STREAMS\Desktop\jwelbix\venv\lib\site-packages\rest_framework\templates\rest_framework\horizontal\dict_field.html first seen with mtime 1654595200.7270906
File C:\Users\PRAVEEN_STREAMS\Desktop\jwelbix\venv\lib\site-packages\rest_framework\templates\rest_framework\horizontal\fieldset.html first seen with mtime 1654595200.7281044
File C:\Users\PRAVEEN_STREAMS\Desktop\jwelbix\venv\lib\site-packages\rest_framework\templates\rest_framework\horizontal\form.html first seen with mtime 1654595200.7293904
File C:\Users\PRAVEEN_STREAMS\Desktop\jwelbix\venv\lib\site-packages\rest_framework\templates\rest_framework\horizontal\input.html first seen with mtime 1654595200.7303965
File C:\Users\PRAVEEN_STREAMS\Desktop\jwelbix\venv\lib\site-packages\rest_framework\templates\rest_framework\horizontal\list_field.html first seen with mtime 1654595200.7314067
File C:\Users\PRAVEEN_STREAMS\Desktop\jwelbix\venv\lib\site-packages\rest_framework\templates\rest_framework\horizontal\list_fieldset.html first seen with mtime 1654595200.7324057
File C:\Users\PRAVEEN_STREAMS\Desktop\jwelbix\venv\lib\site-packages\rest_framework\templates\rest_framework\horizontal\radio.html first seen with mtime 1654595200.7337518
File C:\Users\PRAVEEN_STREAMS\Desktop\jwelbix\venv\lib\site-packages\rest_framework\templates\rest_framework\horizontal\select.html first seen with mtime 1654595200.7347565
File C:\Users\PRAVEEN_STREAMS\Desktop\jwelbix\venv\lib\site-packages\rest_framework\templates\rest_framework\horizontal\select_multiple.html first seen with mtime 1654595200.735768
File C:\Users\PRAVEEN_STREAMS\Desktop\jwelbix\venv\lib\site-packages\rest_framework\templates\rest_framework\horizontal\textarea.html first seen with mtime 1654595200.736767
File C:\Users\PRAVEEN_STREAMS\Desktop\jwelbix\venv\lib\site-packages\rest_framework\templates\rest_framework\inline\checkbox.html first seen with mtime 1654595200.7377667
File C:\Users\PRAVEEN_STREAMS\Desktop\jwelbix\venv\lib\site-packages\rest_framework\templates\rest_framework\inline\checkbox_multiple.html first seen with mtime 1654595200.7387576
File C:\Users\PRAVEEN_STREAMS\Desktop\jwelbix\venv\lib\site-packages\rest_framework\templates\rest_framework\inline\dict_field.html first seen with mtime 1654595200.7420273
File C:\Users\PRAVEEN_STREAMS\Desktop\jwelbix\venv\lib\site-packages\rest_framework\templates\rest_framework\inline\fieldset.html first seen with mtime 1654595200.742785
File C:\Users\PRAVEEN_STREAMS\Desktop\jwelbix\venv\lib\site-packages\rest_framework\templates\rest_framework\inline\form.html first seen with mtime 1654595200.7439196
File C:\Users\PRAVEEN_STREAMS\Desktop\jwelbix\venv\lib\site-packages\rest_framework\templates\rest_framework\inline\input.html first seen with mtime 1654595200.7457676
File C:\Users\PRAVEEN_STREAMS\Desktop\jwelbix\venv\lib\site-packages\rest_framework\templates\rest_framework\inline\list_field.html first seen with mtime 1654595200.7457676
File C:\Users\PRAVEEN_STREAMS\Desktop\jwelbix\venv\lib\site-packages\rest_framework\templates\rest_framework\inline\list_fieldset.html first seen with mtime 1654595200.747768
File C:\Users\PRAVEEN_STREAMS\Desktop\jwelbix\venv\lib\site-packages\rest_framework\templates\rest_framework\inline\radio.html first seen with mtime 1654595200.7487707
File C:\Users\PRAVEEN_STREAMS\Desktop\jwelbix\venv\lib\site-packages\rest_framework\templates\rest_framework\inline\select.html first seen with mtime 1654595200.7497597
File C:\Users\PRAVEEN_STREAMS\Desktop\jwelbix\venv\lib\site-packages\rest_framework\templates\rest_framework\inline\select_multiple.html first seen with mtime 1654595200.7507703
File C:\Users\PRAVEEN_STREAMS\Desktop\jwelbix\venv\lib\site-packages\rest_framework\templates\rest_framework\inline\textarea.html first seen with mtime 1654595200.7517595
File C:\Users\PRAVEEN_STREAMS\Desktop\jwelbix\venv\lib\site-packages\rest_framework\templates\rest_framework\pagination\numbers.html first seen with mtime 1654595200.7527728
File C:\Users\PRAVEEN_STREAMS\Desktop\jwelbix\venv\lib\site-packages\rest_framework\templates\rest_framework\pagination\previous_and_next.html first seen with mtime 1654595200.75376
File C:\Users\PRAVEEN_STREAMS\Desktop\jwelbix\venv\lib\site-packages\rest_framework\templates\rest_framework\vertical\checkbox.html first seen with mtime 1654595200.7557707
File C:\Users\PRAVEEN_STREAMS\Desktop\jwelbix\venv\lib\site-packages\rest_framework\templates\rest_framework\vertical\checkbox_multiple.html first seen with mtime 1654595200.7577643
File C:\Users\PRAVEEN_STREAMS\Desktop\jwelbix\venv\lib\site-packages\rest_framework\templates\rest_framework\vertical\dict_field.html first seen with mtime 1654595200.7598104
File C:\Users\PRAVEEN_STREAMS\Desktop\jwelbix\venv\lib\site-packages\rest_framework\templates\rest_framework\vertical\fieldset.html first seen with mtime 1654595200.760816
File C:\Users\PRAVEEN_STREAMS\Desktop\jwelbix\venv\lib\site-packages\rest_framework\templates\rest_framework\vertical\form.html first seen with mtime 1654595200.762815
File C:\Users\PRAVEEN_STREAMS\Desktop\jwelbix\venv\lib\site-packages\rest_framework\templates\rest_framework\vertical\input.html first seen with mtime 1654595200.7638159
File C:\Users\PRAVEEN_STREAMS\Desktop\jwelbix\venv\lib\site-packages\rest_framework\templates\rest_framework\vertical\list_field.html first seen with mtime 1654595200.7648175
File C:\Users\PRAVEEN_STREAMS\Desktop\jwelbix\venv\lib\site-packages\rest_framework\templates\rest_framework\vertical\list_fieldset.html first seen with mtime 1654595200.765816
File C:\Users\PRAVEEN_STREAMS\Desktop\jwelbix\venv\lib\site-packages\rest_framework\templates\rest_framework\vertical\radio.html first seen with mtime 1654595200.7668169
File C:\Users\PRAVEEN_STREAMS\Desktop\jwelbix\venv\lib\site-packages\rest_framework\templates\rest_framework\vertical\select.html first seen with mtime 1654595200.7678268
File C:\Users\PRAVEEN_STREAMS\Desktop\jwelbix\venv\lib\site-packages\rest_framework\templates\rest_framework\vertical\select_multiple.html first seen with mtime 1654595200.768819
File C:\Users\PRAVEEN_STREAMS\Desktop\jwelbix\venv\lib\site-packages\rest_framework\templates\rest_framework\vertical\textarea.html first seen with mtime 1654595200.769819
File C:\Users\PRAVEEN_STREAMS\Desktop\jwelbix\venv\lib\site-packages\rest_framework\locale\ach\LC_MESSAGES\django.mo first seen with mtime 1654595200.500743
File C:\Users\PRAVEEN_STREAMS\Desktop\jwelbix\venv\lib\site-packages\rest_framework\locale\ar\LC_MESSAGES\django.mo first seen with mtime 1654595200.502743
File C:\Users\PRAVEEN_STREAMS\Desktop\jwelbix\venv\lib\site-packages\rest_framework\locale\az\LC_MESSAGES\django.mo first seen with mtime 1654595200.5047436
File C:\Users\PRAVEEN_STREAMS\Desktop\jwelbix\venv\lib\site-packages\rest_framework\locale\be\LC_MESSAGES\django.mo first seen with mtime 1654595200.5067456
File C:\Users\PRAVEEN_STREAMS\Desktop\jwelbix\venv\lib\site-packages\rest_framework\locale\bg\LC_MESSAGES\django.mo first seen with mtime 1654595200.5087438
File C:\Users\PRAVEEN_STREAMS\Desktop\jwelbix\venv\lib\site-packages\rest_framework\locale\ca\LC_MESSAGES\django.mo first seen with mtime 1654595200.5097444
File C:\Users\PRAVEEN_STREAMS\Desktop\jwelbix\venv\lib\site-packages\rest_framework\locale\ca_ES\LC_MESSAGES\django.mo first seen with mtime 1654595200.5117447
File C:\Users\PRAVEEN_STREAMS\Desktop\jwelbix\venv\lib\site-packages\rest_framework\locale\cs\LC_MESSAGES\django.mo first seen with mtime 1654595200.5137453
File C:\Users\PRAVEEN_STREAMS\Desktop\jwelbix\venv\lib\site-packages\rest_framework\locale\da\LC_MESSAGES\django.mo first seen with mtime 1654595200.5147452
File C:\Users\PRAVEEN_STREAMS\Desktop\jwelbix\venv\lib\site-packages\rest_framework\locale\de\LC_MESSAGES\django.mo first seen with mtime 1654595200.516747
File C:\Users\PRAVEEN_STREAMS\Desktop\jwelbix\venv\lib\site-packages\rest_framework\locale\el\LC_MESSAGES\django.mo first seen with mtime 1654595200.517746
File C:\Users\PRAVEEN_STREAMS\Desktop\jwelbix\venv\lib\site-packages\rest_framework\locale\el_GR\LC_MESSAGES\django.mo first seen with mtime 1654595200.5197473
File C:\Users\PRAVEEN_STREAMS\Desktop\jwelbix\venv\lib\site-packages\rest_framework\locale\en\LC_MESSAGES\django.mo first seen with mtime 1654595200.5227528
File C:\Users\PRAVEEN_STREAMS\Desktop\jwelbix\venv\lib\site-packages\rest_framework\locale\en_AU\LC_MESSAGES\django.mo first seen with mtime 1654595200.523749
File C:\Users\PRAVEEN_STREAMS\Desktop\jwelbix\venv\lib\site-packages\rest_framework\locale\en_CA\LC_MESSAGES\django.mo first seen with mtime 1654595200.525749
File C:\Users\PRAVEEN_STREAMS\Desktop\jwelbix\venv\lib\site-packages\rest_framework\locale\en_US\LC_MESSAGES\django.mo first seen with mtime 1654595200.528382
File C:\Users\PRAVEEN_STREAMS\Desktop\jwelbix\venv\lib\site-packages\rest_framework\locale\es\LC_MESSAGES\django.mo first seen with mtime 1654595200.5303981
File C:\Users\PRAVEEN_STREAMS\Desktop\jwelbix\venv\lib\site-packages\rest_framework\locale\et\LC_MESSAGES\django.mo first seen with mtime 1654595200.5313876
File C:\Users\PRAVEEN_STREAMS\Desktop\jwelbix\venv\lib\site-packages\rest_framework\locale\fa\LC_MESSAGES\django.mo first seen with mtime 1654595200.533398
File C:\Users\PRAVEEN_STREAMS\Desktop\jwelbix\venv\lib\site-packages\rest_framework\locale\fa_IR\LC_MESSAGES\django.mo first seen with mtime 1654595200.535244
File C:\Users\PRAVEEN_STREAMS\Desktop\jwelbix\venv\lib\site-packages\rest_framework\locale\fi\LC_MESSAGES\django.mo first seen with mtime 1654595200.5372477
File C:\Users\PRAVEEN_STREAMS\Desktop\jwelbix\venv\lib\site-packages\rest_framework\locale\fr\LC_MESSAGES\django.mo first seen with mtime 1654595200.5392478
File C:\Users\PRAVEEN_STREAMS\Desktop\jwelbix\venv\lib\site-packages\rest_framework\locale\fr_CA\LC_MESSAGES\django.mo first seen with mtime 1654595200.5412576
File C:\Users\PRAVEEN_STREAMS\Desktop\jwelbix\venv\lib\site-packages\rest_framework\locale\gl\LC_MESSAGES\django.mo first seen with mtime 1654595200.5433981
File C:\Users\PRAVEEN_STREAMS\Desktop\jwelbix\venv\lib\site-packages\rest_framework\locale\gl_ES\LC_MESSAGES\django.mo first seen with mtime 1654595200.5444083
File C:\Users\PRAVEEN_STREAMS\Desktop\jwelbix\venv\lib\site-packages\rest_framework\locale\he_IL\LC_MESSAGES\django.mo first seen with mtime 1654595200.5464027
File C:\Users\PRAVEEN_STREAMS\Desktop\jwelbix\venv\lib\site-packages\rest_framework\locale\hu\LC_MESSAGES\django.mo first seen with mtime 1654595200.5484042
File C:\Users\PRAVEEN_STREAMS\Desktop\jwelbix\venv\lib\site-packages\rest_framework\locale\hy\LC_MESSAGES\django.mo first seen with mtime 1654595200.5504048
File C:\Users\PRAVEEN_STREAMS\Desktop\jwelbix\venv\lib\site-packages\rest_framework\locale\id\LC_MESSAGES\django.mo first seen with mtime 1654595200.552404
File C:\Users\PRAVEEN_STREAMS\Desktop\jwelbix\venv\lib\site-packages\rest_framework\locale\it\LC_MESSAGES\django.mo first seen with mtime 1654595200.5544138
File C:\Users\PRAVEEN_STREAMS\Desktop\jwelbix\venv\lib\site-packages\rest_framework\locale\ja\LC_MESSAGES\django.mo first seen with mtime 1654595200.5564039
File C:\Users\PRAVEEN_STREAMS\Desktop\jwelbix\venv\lib\site-packages\rest_framework\locale\ko_KR\LC_MESSAGES\django.mo first seen with mtime 1654595200.5574048
File C:\Users\PRAVEEN_STREAMS\Desktop\jwelbix\venv\lib\site-packages\rest_framework\locale\lt\LC_MESSAGES\django.mo first seen with mtime 1654595200.559405
File C:\Users\PRAVEEN_STREAMS\Desktop\jwelbix\venv\lib\site-packages\rest_framework\locale\lv\LC_MESSAGES\django.mo first seen with mtime 1654595200.5614164
File C:\Users\PRAVEEN_STREAMS\Desktop\jwelbix\venv\lib\site-packages\rest_framework\locale\mk\LC_MESSAGES\django.mo first seen with mtime 1654595200.5634167
File C:\Users\PRAVEEN_STREAMS\Desktop\jwelbix\venv\lib\site-packages\rest_framework\locale\nb\LC_MESSAGES\django.mo first seen with mtime 1654595200.5654087
File C:\Users\PRAVEEN_STREAMS\Desktop\jwelbix\venv\lib\site-packages\rest_framework\locale\ne_NP\LC_MESSAGES\django.mo first seen with mtime 1654595200.5674174
File C:\Users\PRAVEEN_STREAMS\Desktop\jwelbix\venv\lib\site-packages\rest_framework\locale\nl\LC_MESSAGES\django.mo first seen with mtime 1654595200.569407
File C:\Users\PRAVEEN_STREAMS\Desktop\jwelbix\venv\lib\site-packages\rest_framework\locale\nn\LC_MESSAGES\django.mo first seen with mtime 1654595200.5714078
File C:\Users\PRAVEEN_STREAMS\Desktop\jwelbix\venv\lib\site-packages\rest_framework\locale\no\LC_MESSAGES\django.mo first seen with mtime 1654595200.573715
File C:\Users\PRAVEEN_STREAMS\Desktop\jwelbix\venv\lib\site-packages\rest_framework\locale\pl\LC_MESSAGES\django.mo first seen with mtime 1654595200.575732
File C:\Users\PRAVEEN_STREAMS\Desktop\jwelbix\venv\lib\site-packages\rest_framework\locale\pt\LC_MESSAGES\django.mo first seen with mtime 1654595200.5777202
File C:\Users\PRAVEEN_STREAMS\Desktop\jwelbix\venv\lib\site-packages\rest_framework\locale\pt_BR\LC_MESSAGES\django.mo first seen with mtime 1654595200.5797193
File C:\Users\PRAVEEN_STREAMS\Desktop\jwelbix\venv\lib\site-packages\rest_framework\locale\pt_PT\LC_MESSAGES\django.mo first seen with mtime 1654595200.5827322
File C:\Users\PRAVEEN_STREAMS\Desktop\jwelbix\venv\lib\site-packages\rest_framework\locale\ro\LC_MESSAGES\django.mo first seen with mtime 1654595200.584732
File C:\Users\PRAVEEN_STREAMS\Desktop\jwelbix\venv\lib\site-packages\rest_framework\locale\ru\LC_MESSAGES\django.mo first seen with mtime 1654595200.5877316
File C:\Users\PRAVEEN_STREAMS\Desktop\jwelbix\venv\lib\site-packages\rest_framework\locale\ru_RU\LC_MESSAGES\django.mo first seen with mtime 1654595200.589733
File C:\Users\PRAVEEN_STREAMS\Desktop\jwelbix\venv\lib\site-packages\rest_framework\locale\sk\LC_MESSAGES\django.mo first seen with mtime 1654595200.592733
File C:\Users\PRAVEEN_STREAMS\Desktop\jwelbix\venv\lib\site-packages\rest_framework\locale\sl\LC_MESSAGES\django.mo first seen with mtime 1654595200.593723
File C:\Users\PRAVEEN_STREAMS\Desktop\jwelbix\venv\lib\site-packages\rest_framework\locale\sv\LC_MESSAGES\django.mo first seen with mtime 1654595200.5967336
File C:\Users\PRAVEEN_STREAMS\Desktop\jwelbix\venv\lib\site-packages\rest_framework\locale\th\LC_MESSAGES\django.mo first seen with mtime 1654595200.598735
File C:\Users\PRAVEEN_STREAMS\Desktop\jwelbix\venv\lib\site-packages\rest_framework\locale\tr\LC_MESSAGES\django.mo first seen with mtime 1654595200.6007252
File C:\Users\PRAVEEN_STREAMS\Desktop\jwelbix\venv\lib\site-packages\rest_framework\locale\tr_TR\LC_MESSAGES\django.mo first seen with mtime 1654595200.602727
File C:\Users\PRAVEEN_STREAMS\Desktop\jwelbix\venv\lib\site-packages\rest_framework\locale\uk\LC_MESSAGES\django.mo first seen with mtime 1654595200.6047273
File C:\Users\PRAVEEN_STREAMS\Desktop\jwelbix\venv\lib\site-packages\rest_framework\locale\vi\LC_MESSAGES\django.mo first seen with mtime 1654595200.6067271
File C:\Users\PRAVEEN_STREAMS\Desktop\jwelbix\venv\lib\site-packages\rest_framework\locale\zh_CN\LC_MESSAGES\django.mo first seen with mtime 1654595200.6087396
File C:\Users\PRAVEEN_STREAMS\Desktop\jwelbix\venv\lib\site-packages\rest_framework\locale\zh_Hans\LC_MESSAGES\django.mo first seen with mtime 1654595200.6107278
File C:\Users\PRAVEEN_STREAMS\Desktop\jwelbix\venv\lib\site-packages\rest_framework\locale\zh_Hant\LC_MESSAGES\django.mo first seen with mtime 1654595200.6127381
File C:\Users\PRAVEEN_STREAMS\Desktop\jwelbix\venv\lib\site-packages\rest_framework\locale\zh_TW\LC_MESSAGES\django.mo first seen with mtime 1654595200.61474
File C:\Users\PRAVEEN_STREAMS\Desktop\jwelbix\venv\Lib\site-packages\django\middleware\common.py first seen with mtime 1654588099.572444
File C:\Users\PRAVEEN_STREAMS\Desktop\jwelbix\venv\Lib\site-packages\django\contrib\admin\migrations\0002_logentry_remove_auto_add.py first seen with mtime 1654588096.346248
File C:\Users\PRAVEEN_STREAMS\Desktop\jwelbix\venv\Lib\site-packages\django\db\migrations\loader.py first seen with mtime 1654588099.4626367
File C:\Users\PRAVEEN_STREAMS\Desktop\jwelbix\venv\Lib\site-packages\django\contrib\auth\migrations\0001_initial.py first seen with mtime 1654588097.114842
File C:\Users\PRAVEEN_STREAMS\Desktop\jwelbix\venv\Lib\site-packages\django\contrib\auth\migrations\0002_alter_permission_name_max_length.py first seen with mtime 1654588097.114842
File C:\Users\PRAVEEN_STREAMS\Desktop\jwelbix\venv\Lib\site-packages\django\db\models\sql\compiler.py first seen with mtime 1654588099.4939015
File C:\Users\PRAVEEN_STREAMS\Desktop\jwelbix\venv\Lib\site-packages\django\contrib\admin\migrations\0001_initial.py first seen with mtime 1654588096.346248
File C:\Users\PRAVEEN_STREAMS\Desktop\jwelbix\apps\user_app\migrations\__init__.py first seen with mtime 1655044340.6799479
File C:\Users\PRAVEEN_STREAMS\Desktop\jwelbix\venv\Lib\site-packages\django\contrib\auth\migrations\0007_alter_validators_add_error_messages.py first seen with mtime 1654588097.114842
File C:\Users\PRAVEEN_STREAMS\Desktop\jwelbix\venv\Lib\site-packages\django\contrib\auth\migrations\0006_require_contenttypes_0002.py first seen with mtime 1654588097.114842
File C:\Users\PRAVEEN_STREAMS\Desktop\jwelbix\jwelB\wsgi.py first seen with mtime 1654598067.3891559
File C:\Users\PRAVEEN_STREAMS\Desktop\jwelbix\venv\Lib\site-packages\django\contrib\messages\middleware.py first seen with mtime 1654588098.285818
File C:\Users\PRAVEEN_STREAMS\Desktop\jwelbix\venv\Lib\site-packages\django\middleware\clickjacking.py first seen with mtime 1654588099.572444
File C:\Users\PRAVEEN_STREAMS\Desktop\jwelbix\venv\Lib\site-packages\django\contrib\auth\migrations\0004_alter_user_username_opts.py first seen with mtime 1654588097.114842
File C:\Users\PRAVEEN_STREAMS\Desktop\jwelbix\venv\Lib\site-packages\django\contrib\auth\migrations\0009_alter_user_last_name_max_length.py first seen with mtime 1654588097.114842
File C:\Users\PRAVEEN_STREAMS\Desktop\jwelbix\venv\Lib\site-packages\rest_framework\authtoken\migrations\__init__.py first seen with mtime 1654595200.4987428
File C:\Users\PRAVEEN_STREAMS\Desktop\jwelbix\venv\Lib\site-packages\django\contrib\contenttypes\migrations\0002_remove_content_type_name.py first seen with mtime 1654588097.3504498
File C:\Users\PRAVEEN_STREAMS\Desktop\jwelbix\venv\Lib\site-packages\django\db\migrations\executor.py first seen with mtime 1654588099.44762
File C:\Users\PRAVEEN_STREAMS\Desktop\jwelbix\venv\Lib\site-packages\django\contrib\auth\migrations\0011_update_proxy_permissions.py first seen with mtime 1654588097.114842
File C:\Users\PRAVEEN_STREAMS\Desktop\jwelbix\venv\Lib\site-packages\django\contrib\contenttypes\migrations\0001_initial.py first seen with mtime 1654588097.3504498
File C:\Users\PRAVEEN_STREAMS\Desktop\jwelbix\venv\Lib\site-packages\django\contrib\auth\migrations\0010_alter_group_name_max_length.py first seen with mtime 1654588097.114842
File C:\Users\PRAVEEN_STREAMS\Desktop\jwelbix\venv\Lib\site-packages\django\db\migrations\recorder.py first seen with mtime 1654588099.4626367
File C:\Users\PRAVEEN_STREAMS\Desktop\jwelbix\venv\Lib\site-packages\django\contrib\auth\migrations\__init__.py first seen with mtime 1654588097.114842
File C:\Users\PRAVEEN_STREAMS\Desktop\jwelbix\venv\Lib\site-packages\rest_framework\authtoken\migrations\0001_initial.py first seen with mtime 1654595200.4967408
File C:\Users\PRAVEEN_STREAMS\Desktop\jwelbix\venv\Lib\site-packages\django\db\migrations\graph.py first seen with mtime 1654588099.44762
File C:\Users\PRAVEEN_STREAMS\AppData\Local\Programs\Python\Python36\Lib\encodings\idna.py first seen with mtime 1530047490.0
File C:\Users\PRAVEEN_STREAMS\Desktop\jwelbix\venv\Lib\site-packages\django\contrib\auth\migrations\0008_alter_user_username_max_length.py first seen with mtime 1654588097.114842
File C:\Users\PRAVEEN_STREAMS\Desktop\jwelbix\venv\Lib\site-packages\django\contrib\admin\migrations\__init__.py first seen with mtime 1654588096.346248
File C:\Users\PRAVEEN_STREAMS\AppData\Local\Programs\Python\Python36\Lib\stringprep.py first seen with mtime 1530047490.0
File C:\Users\PRAVEEN_STREAMS\Desktop\jwelbix\venv\Lib\site-packages\rest_framework\authtoken\migrations\0003_tokenproxy.py first seen with mtime 1654595200.4987428
File C:\Users\PRAVEEN_STREAMS\Desktop\jwelbix\venv\Lib\site-packages\django\contrib\auth\migrations\0005_alter_user_last_login_null.py first seen with mtime 1654588097.114842
File C:\Users\PRAVEEN_STREAMS\Desktop\jwelbix\venv\Lib\site-packages\django\contrib\contenttypes\migrations\__init__.py first seen with mtime 1654588097.3504498
File C:\Users\PRAVEEN_STREAMS\Desktop\jwelbix\apps\user_app\migrations\0001_initial.py first seen with mtime 1655044340.6843414
File C:\Users\PRAVEEN_STREAMS\Desktop\jwelbix\venv\Lib\site-packages\django\contrib\sessions\migrations\__init__.py first seen with mtime 1654588099.0387242
File C:\Users\PRAVEEN_STREAMS\Desktop\jwelbix\apps\user_app\migrations\0002_alter_usermodel_mobile_no.py first seen with mtime 1655050524.1743917
File C:\Users\PRAVEEN_STREAMS\Desktop\jwelbix\venv\Lib\site-packages\rest_framework\authtoken\migrations\0002_auto_20160226_1747.py first seen with mtime 1654595200.4977412
File C:\Users\PRAVEEN_STREAMS\Desktop\jwelbix\venv\Lib\site-packages\django\contrib\sessions\migrations\0001_initial.py first seen with mtime 1654588099.0387242
File C:\Users\PRAVEEN_STREAMS\Desktop\jwelbix\venv\Lib\site-packages\django\contrib\admin\migrations\0003_logentry_add_action_flag_choices.py first seen with mtime 1654588096.346248
File C:\Users\PRAVEEN_STREAMS\Desktop\jwelbix\venv\Lib\site-packages\django\contrib\sessions\exceptions.py first seen with mtime 1654588098.7461097
File C:\Users\PRAVEEN_STREAMS\Desktop\jwelbix\venv\Lib\site-packages\django\contrib\sessions\backends\db.py first seen with mtime 1654588098.7566178
File C:\Users\PRAVEEN_STREAMS\Desktop\jwelbix\venv\Lib\site-packages\django\contrib\auth\migrations\0012_alter_user_first_name_max_length.py first seen with mtime 1654588097.114842
File C:\Users\PRAVEEN_STREAMS\Desktop\jwelbix\venv\Lib\site-packages\django\contrib\auth\migrations\0003_alter_user_email_max_length.py first seen with mtime 1654588097.114842
Exception while resolving variable 'name' in template 'unknown'.
Traceback (most recent call last):
  File "C:\Users\PRAVEEN_STREAMS\Desktop\jwelbix\venv\lib\site-packages\django\core\handlers\exception.py", line 47, in inner
    response = get_response(request)
  File "C:\Users\PRAVEEN_STREAMS\Desktop\jwelbix\venv\lib\site-packages\django\core\handlers\base.py", line 167, in _get_response
    callback, callback_args, callback_kwargs = self.resolve_request(request)
  File "C:\Users\PRAVEEN_STREAMS\Desktop\jwelbix\venv\lib\site-packages\django\core\handlers\base.py", line 290, in resolve_request
    resolver_match = resolver.resolve(request.path_info)
  File "C:\Users\PRAVEEN_STREAMS\Desktop\jwelbix\venv\lib\site-packages\django\urls\resolvers.py", line 589, in resolve
    raise Resolver404({'tried': tried, 'path': new_path})
django.urls.exceptions.Resolver404: {'tried': [[<URLResolver <URLPattern list> (admin:admin) 'admin/'>], [<URLResolver <module 'apps.user_app.urls' from 'C:\\Users\\PRAVEEN_STREAMS\\Desktop\\jwelbix\\apps\\user_app\\urls.py'> (None:None) 'user-app/'>]], 'path': ''}

During handling of the above exception, another exception occurred:

Traceback (most recent call last):
  File "C:\Users\PRAVEEN_STREAMS\Desktop\jwelbix\venv\lib\site-packages\django\template\base.py", line 829, in _resolve_lookup
    current = current[bit]
TypeError: 'URLResolver' object is not subscriptable

During handling of the above exception, another exception occurred:

Traceback (most recent call last):
  File "C:\Users\PRAVEEN_STREAMS\Desktop\jwelbix\venv\lib\site-packages\django\template\base.py", line 837, in _resolve_lookup
    current = getattr(current, bit)
AttributeError: 'URLResolver' object has no attribute 'name'

During handling of the above exception, another exception occurred:

Traceback (most recent call last):
  File "C:\Users\PRAVEEN_STREAMS\Desktop\jwelbix\venv\lib\site-packages\django\template\base.py", line 843, in _resolve_lookup
    current = current[int(bit)]
ValueError: invalid literal for int() with base 10: 'name'

During handling of the above exception, another exception occurred:

Traceback (most recent call last):
  File "C:\Users\PRAVEEN_STREAMS\Desktop\jwelbix\venv\lib\site-packages\django\template\base.py", line 850, in _resolve_lookup
    (bit, current))  # missing attribute
django.template.base.VariableDoesNotExist: Failed lookup for key [name] in <URLResolver <URLPattern list> (admin:admin) 'admin/'>
Exception while resolving variable 'name' in template 'unknown'.
Traceback (most recent call last):
  File "C:\Users\PRAVEEN_STREAMS\Desktop\jwelbix\venv\lib\site-packages\django\core\handlers\exception.py", line 47, in inner
    response = get_response(request)
  File "C:\Users\PRAVEEN_STREAMS\Desktop\jwelbix\venv\lib\site-packages\django\core\handlers\base.py", line 167, in _get_response
    callback, callback_args, callback_kwargs = self.resolve_request(request)
  File "C:\Users\PRAVEEN_STREAMS\Desktop\jwelbix\venv\lib\site-packages\django\core\handlers\base.py", line 290, in resolve_request
    resolver_match = resolver.resolve(request.path_info)
  File "C:\Users\PRAVEEN_STREAMS\Desktop\jwelbix\venv\lib\site-packages\django\urls\resolvers.py", line 589, in resolve
    raise Resolver404({'tried': tried, 'path': new_path})
django.urls.exceptions.Resolver404: {'tried': [[<URLResolver <URLPattern list> (admin:admin) 'admin/'>], [<URLResolver <module 'apps.user_app.urls' from 'C:\\Users\\PRAVEEN_STREAMS\\Desktop\\jwelbix\\apps\\user_app\\urls.py'> (None:None) 'user-app/'>]], 'path': ''}

During handling of the above exception, another exception occurred:

Traceback (most recent call last):
  File "C:\Users\PRAVEEN_STREAMS\Desktop\jwelbix\venv\lib\site-packages\django\template\base.py", line 829, in _resolve_lookup
    current = current[bit]
TypeError: 'URLResolver' object is not subscriptable

During handling of the above exception, another exception occurred:

Traceback (most recent call last):
  File "C:\Users\PRAVEEN_STREAMS\Desktop\jwelbix\venv\lib\site-packages\django\template\base.py", line 837, in _resolve_lookup
    current = getattr(current, bit)
AttributeError: 'URLResolver' object has no attribute 'name'

During handling of the above exception, another exception occurred:

Traceback (most recent call last):
  File "C:\Users\PRAVEEN_STREAMS\Desktop\jwelbix\venv\lib\site-packages\django\template\base.py", line 843, in _resolve_lookup
    current = current[int(bit)]
ValueError: invalid literal for int() with base 10: 'name'

During handling of the above exception, another exception occurred:

Traceback (most recent call last):
  File "C:\Users\PRAVEEN_STREAMS\Desktop\jwelbix\venv\lib\site-packages\django\template\base.py", line 850, in _resolve_lookup
    (bit, current))  # missing attribute
django.template.base.VariableDoesNotExist: Failed lookup for key [name] in <URLResolver <module 'apps.user_app.urls' from 'C:\\Users\\PRAVEEN_STREAMS\\Desktop\\jwelbix\\apps\\user_app\\urls.py'> (None:None) 'user-app/'>
Not Found: /
"GET / HTTP/1.1" 404 2167
File C:\Users\PRAVEEN_STREAMS\Desktop\jwelbix\venv\Lib\site-packages\django\contrib\messages\storage\session.py first seen with mtime 1654588098.285818
File C:\Users\PRAVEEN_STREAMS\Desktop\jwelbix\venv\Lib\site-packages\django\contrib\messages\storage\base.py first seen with mtime 1654588098.285818
File C:\Users\PRAVEEN_STREAMS\Desktop\jwelbix\venv\Lib\site-packages\django\contrib\messages\storage\fallback.py first seen with mtime 1654588098.285818
File C:\Users\PRAVEEN_STREAMS\Desktop\jwelbix\venv\Lib\site-packages\django\contrib\messages\utils.py first seen with mtime 1654588098.285818
File C:\Users\PRAVEEN_STREAMS\Desktop\jwelbix\venv\Lib\site-packages\django\contrib\messages\storage\cookie.py first seen with mtime 1654588098.285818
File C:\Users\PRAVEEN_STREAMS\Desktop\jwelbix\venv\Lib\site-packages\django\contrib\sessions\serializers.py first seen with mtime 1654588098.7461097
Exception while resolving variable 'name' in template 'unknown'.
Traceback (most recent call last):
  File "C:\Users\PRAVEEN_STREAMS\Desktop\jwelbix\venv\lib\site-packages\django\core\handlers\exception.py", line 47, in inner
    response = get_response(request)
  File "C:\Users\PRAVEEN_STREAMS\Desktop\jwelbix\venv\lib\site-packages\django\core\handlers\base.py", line 167, in _get_response
    callback, callback_args, callback_kwargs = self.resolve_request(request)
  File "C:\Users\PRAVEEN_STREAMS\Desktop\jwelbix\venv\lib\site-packages\django\core\handlers\base.py", line 290, in resolve_request
    resolver_match = resolver.resolve(request.path_info)
  File "C:\Users\PRAVEEN_STREAMS\Desktop\jwelbix\venv\lib\site-packages\django\urls\resolvers.py", line 589, in resolve
    raise Resolver404({'tried': tried, 'path': new_path})
django.urls.exceptions.Resolver404: {'tried': [[<URLResolver <URLPattern list> (admin:admin) 'admin/'>], [<URLResolver <module 'apps.user_app.urls' from 'C:\\Users\\PRAVEEN_STREAMS\\Desktop\\jwelbix\\apps\\user_app\\urls.py'> (None:None) 'user-app/'>, <URLPattern 'user-create'>], [<URLResolver <module 'apps.user_app.urls' from 'C:\\Users\\PRAVEEN_STREAMS\\Desktop\\jwelbix\\apps\\user_app\\urls.py'> (None:None) 'user-app/'>, <URLPattern 'login'>]], 'path': 'user-app/'}

During handling of the above exception, another exception occurred:

Traceback (most recent call last):
  File "C:\Users\PRAVEEN_STREAMS\Desktop\jwelbix\venv\lib\site-packages\django\template\base.py", line 829, in _resolve_lookup
    current = current[bit]
TypeError: 'URLResolver' object is not subscriptable

During handling of the above exception, another exception occurred:

Traceback (most recent call last):
  File "C:\Users\PRAVEEN_STREAMS\Desktop\jwelbix\venv\lib\site-packages\django\template\base.py", line 837, in _resolve_lookup
    current = getattr(current, bit)
AttributeError: 'URLResolver' object has no attribute 'name'

During handling of the above exception, another exception occurred:

Traceback (most recent call last):
  File "C:\Users\PRAVEEN_STREAMS\Desktop\jwelbix\venv\lib\site-packages\django\template\base.py", line 843, in _resolve_lookup
    current = current[int(bit)]
ValueError: invalid literal for int() with base 10: 'name'

During handling of the above exception, another exception occurred:

Traceback (most recent call last):
  File "C:\Users\PRAVEEN_STREAMS\Desktop\jwelbix\venv\lib\site-packages\django\template\base.py", line 850, in _resolve_lookup
    (bit, current))  # missing attribute
django.template.base.VariableDoesNotExist: Failed lookup for key [name] in <URLResolver <URLPattern list> (admin:admin) 'admin/'>
Not Found: /user-app/
"GET /user-app/ HTTP/1.1" 404 2431
Method Not Allowed: /user-app/login
"GET /user-app/login HTTP/1.1" 405 5614
"GET /static/rest_framework/css/bootstrap-tweaks.css HTTP/1.1" 304 0
"GET /static/rest_framework/css/bootstrap.min.css HTTP/1.1" 304 0
"GET /static/rest_framework/css/default.css HTTP/1.1" 304 0
"GET /static/rest_framework/css/prettify.css HTTP/1.1" 304 0
"GET /static/rest_framework/js/ajax-form.js HTTP/1.1" 304 0
"GET /static/rest_framework/js/jquery-3.5.1.min.js HTTP/1.1" 304 0
"GET /static/rest_framework/js/csrf.js HTTP/1.1" 304 0
"GET /static/rest_framework/js/prettify-min.js HTTP/1.1" 304 0
"GET /static/rest_framework/js/bootstrap.min.js HTTP/1.1" 304 0
"GET /static/rest_framework/js/default.js HTTP/1.1" 304 0
"GET /static/rest_framework/img/grid.png HTTP/1.1" 304 0
File C:\Users\PRAVEEN_STREAMS\Desktop\jwelbix\venv\Lib\site-packages\django\conf\locale\en\formats.py first seen with mtime 1654588095.3197055
File C:\Users\PRAVEEN_STREAMS\Desktop\jwelbix\venv\Lib\site-packages\django\contrib\messages\context_processors.py first seen with mtime 1654588098.285818
File C:\Users\PRAVEEN_STREAMS\Desktop\jwelbix\venv\Lib\site-packages\django\template\context_processors.py first seen with mtime 1654588099.5880692
File C:\Users\PRAVEEN_STREAMS\Desktop\jwelbix\venv\Lib\site-packages\django\conf\locale\en\__init__.py first seen with mtime 1654588095.3197055
File C:\Users\PRAVEEN_STREAMS\Desktop\jwelbix\venv\Lib\site-packages\django\contrib\staticfiles\storage.py first seen with mtime 1654588099.289966
File C:\Users\PRAVEEN_STREAMS\Desktop\jwelbix\venv\Lib\site-packages\django\contrib\auth\context_processors.py first seen with mtime 1654588096.848363
"POST /user-app/login HTTP/1.1" 200 5593
File C:\Users\PRAVEEN_STREAMS\Desktop\jwelbix\apps\user_app\views.py previous mtime: 1655223730.646094, current mtime: 1655263459.841536
C:\Users\PRAVEEN_STREAMS\Desktop\jwelbix\apps\user_app\views.py notified as changed. Signal results: [(<function template_changed at 0x000002476693E620>, None), (<function translation_file_changed at 0x000002476717FA60>, None)].
C:\Users\PRAVEEN_STREAMS\Desktop\jwelbix\apps\user_app\views.py changed, reloading.
